{"/Users/isabelwang/Desktop/LetsEat/LetsEat/app/BasicUtils.ts": {"path":"/Users/isabelwang/Desktop/LetsEat/LetsEat/app/BasicUtils.ts","statementMap":{"0":{"start":{"line":2,"column":2},"end":{"line":2,"column":15}},"1":{"start":{"line":1,"column":0},"end":{"line":1,"column":16}}},"fnMap":{"0":{"name":"product","decl":{"start":{"line":1,"column":16},"end":{"line":1,"column":23}},"loc":{"start":{"line":1,"column":44},"end":{"line":3,"column":1}}}},"branchMap":{},"s":{"0":1,"1":1},"f":{"0":1},"b":{}}
,"/Users/isabelwang/Desktop/LetsEat/LetsEat/app/global.d.ts": {"path":"/Users/isabelwang/Desktop/LetsEat/LetsEat/app/global.d.ts","statementMap":{},"fnMap":{},"branchMap":{},"s":{},"f":{},"b":{}}
,"/Users/isabelwang/Desktop/LetsEat/LetsEat/app/index.tsx": {"path":"/Users/isabelwang/Desktop/LetsEat/LetsEat/app/index.tsx","statementMap":{"0":{"start":{"line":1,"column":0},"end":{"line":1,"column":57}},"1":{"start":{"line":2,"column":0},"end":{"line":2,"column":44}},"2":{"start":{"line":3,"column":0},"end":{"line":3,"column":50}},"3":{"start":{"line":4,"column":0},"end":{"line":4,"column":38}},"4":{"start":{"line":5,"column":0},"end":{"line":5,"column":37}},"5":{"start":{"line":8,"column":26},"end":{"line":8,"column":53}},"6":{"start":{"line":10,"column":2},"end":{"line":21,"column":9}},"7":{"start":{"line":11,"column":4},"end":{"line":20,"column":7}},"8":{"start":{"line":12,"column":6},"end":{"line":12,"column":32}},"9":{"start":{"line":13,"column":6},"end":{"line":13,"column":20}},"10":{"start":{"line":15,"column":6},"end":{"line":19,"column":7}},"11":{"start":{"line":16,"column":8},"end":{"line":16,"column":29}},"12":{"start":{"line":18,"column":8},"end":{"line":18,"column":30}},"13":{"start":{"line":23,"column":19},"end":{"line":33,"column":4}},"14":{"start":{"line":35,"column":2},"end":{"line":37,"column":3}},"15":{"start":{"line":36,"column":4},"end":{"line":36,"column":16}},"16":{"start":{"line":7,"column":0},"end":{"line":7,"column":24}}},"fnMap":{"0":{"name":"App","decl":{"start":{"line":7,"column":24},"end":{"line":7,"column":27}},"loc":{"start":{"line":7,"column":27},"end":{"line":38,"column":1}}},"1":{"name":"(anonymous_1)","decl":{"start":{"line":10,"column":12},"end":{"line":10,"column":15}},"loc":{"start":{"line":10,"column":17},"end":{"line":21,"column":3}}},"2":{"name":"(anonymous_2)","decl":{"start":{"line":11,"column":38},"end":{"line":11,"column":39}},"loc":{"start":{"line":11,"column":47},"end":{"line":20,"column":5}}}},"branchMap":{"0":{"loc":{"start":{"line":15,"column":6},"end":{"line":19,"column":7}},"type":"if","locations":[{"start":{"line":15,"column":6},"end":{"line":19,"column":7}},{"start":{"line":17,"column":13},"end":{"line":19,"column":7}}]},"1":{"loc":{"start":{"line":35,"column":2},"end":{"line":37,"column":3}},"type":"if","locations":[{"start":{"line":35,"column":2},"end":{"line":37,"column":3}}]}},"s":{"0":0,"1":0,"2":0,"3":0,"4":0,"5":0,"6":0,"7":0,"8":0,"9":0,"10":0,"11":0,"12":0,"13":0,"14":0,"15":0,"16":0},"f":{"0":0,"1":0,"2":0},"b":{"0":[0,0],"1":[0]}}
,"/Users/isabelwang/Desktop/LetsEat/LetsEat/app/(auth)/_layout.tsx": {"path":"/Users/isabelwang/Desktop/LetsEat/LetsEat/app/(auth)/_layout.tsx","statementMap":{"0":{"start":{"line":1,"column":0},"end":{"line":1,"column":26}},"1":{"start":{"line":2,"column":0},"end":{"line":2,"column":36}},"2":{"start":{"line":4,"column":19},"end":{"line":28,"column":1}},"3":{"start":{"line":5,"column":2},"end":{"line":27,"column":4}},"4":{"start":{"line":30,"column":0},"end":{"line":30,"column":26}}},"fnMap":{"0":{"name":"(anonymous_1)","decl":{"start":{"line":4,"column":19},"end":{"line":4,"column":22}},"loc":{"start":{"line":4,"column":24},"end":{"line":28,"column":1}}}},"branchMap":{},"s":{"0":0,"1":0,"2":0,"3":0,"4":0},"f":{"0":0},"b":{}}
,"/Users/isabelwang/Desktop/LetsEat/LetsEat/app/(auth)/forgotpassword.tsx": {"path":"/Users/isabelwang/Desktop/LetsEat/LetsEat/app/(auth)/forgotpassword.tsx","statementMap":{"0":{"start":{"line":1,"column":0},"end":{"line":1,"column":40}},"1":{"start":{"line":2,"column":0},"end":{"line":2,"column":80}},"2":{"start":{"line":3,"column":0},"end":{"line":3,"column":53}},"3":{"start":{"line":4,"column":0},"end":{"line":4,"column":55}},"4":{"start":{"line":5,"column":0},"end":{"line":5,"column":43}},"5":{"start":{"line":6,"column":0},"end":{"line":6,"column":53}},"6":{"start":{"line":8,"column":29},"end":{"line":54,"column":1}},"7":{"start":{"line":9,"column":15},"end":{"line":9,"column":28}},"8":{"start":{"line":10,"column":28},"end":{"line":10,"column":40}},"9":{"start":{"line":11,"column":40},"end":{"line":11,"column":55}},"10":{"start":{"line":13,"column":30},"end":{"line":27,"column":3}},"11":{"start":{"line":14,"column":4},"end":{"line":17,"column":5}},"12":{"start":{"line":15,"column":6},"end":{"line":15,"column":62}},"13":{"start":{"line":16,"column":6},"end":{"line":16,"column":13}},"14":{"start":{"line":19,"column":4},"end":{"line":26,"column":5}},"15":{"start":{"line":20,"column":6},"end":{"line":20,"column":48}},"16":{"start":{"line":21,"column":6},"end":{"line":21,"column":71}},"17":{"start":{"line":22,"column":6},"end":{"line":22,"column":28}},"18":{"start":{"line":24,"column":6},"end":{"line":24,"column":25}},"19":{"start":{"line":25,"column":6},"end":{"line":25,"column":42}},"20":{"start":{"line":29,"column":2},"end":{"line":53,"column":4}},"21":{"start":{"line":38,"column":32},"end":{"line":38,"column":46}},"22":{"start":{"line":56,"column":15},"end":{"line":75,"column":2}},"23":{"start":{"line":77,"column":0},"end":{"line":77,"column":36}}},"fnMap":{"0":{"name":"(anonymous_7)","decl":{"start":{"line":8,"column":29},"end":{"line":8,"column":32}},"loc":{"start":{"line":8,"column":34},"end":{"line":54,"column":1}}},"1":{"name":"(anonymous_8)","decl":{"start":{"line":13,"column":30},"end":{"line":13,"column":35}},"loc":{"start":{"line":13,"column":41},"end":{"line":27,"column":3}}},"2":{"name":"(anonymous_9)","decl":{"start":{"line":38,"column":22},"end":{"line":38,"column":23}},"loc":{"start":{"line":38,"column":32},"end":{"line":38,"column":46}}}},"branchMap":{"0":{"loc":{"start":{"line":14,"column":4},"end":{"line":17,"column":5}},"type":"if","locations":[{"start":{"line":14,"column":4},"end":{"line":17,"column":5}}]}},"s":{"0":0,"1":0,"2":0,"3":0,"4":0,"5":0,"6":0,"7":0,"8":0,"9":0,"10":0,"11":0,"12":0,"13":0,"14":0,"15":0,"16":0,"17":0,"18":0,"19":0,"20":0,"21":0,"22":0,"23":0},"f":{"0":0,"1":0,"2":0},"b":{"0":[0]}}
,"/Users/isabelwang/Desktop/LetsEat/LetsEat/app/(auth)/login.tsx": {"path":"/Users/isabelwang/Desktop/LetsEat/LetsEat/app/(auth)/login.tsx","statementMap":{"0":{"start":{"line":1,"column":0},"end":{"line":1,"column":null}},"1":{"start":{"line":10,"column":0},"end":{"line":10,"column":40}},"2":{"start":{"line":11,"column":0},"end":{"line":11,"column":53}},"3":{"start":{"line":12,"column":0},"end":{"line":12,"column":59}},"4":{"start":{"line":13,"column":0},"end":{"line":13,"column":43}},"5":{"start":{"line":14,"column":0},"end":{"line":14,"column":41}},"6":{"start":{"line":15,"column":0},"end":{"line":15,"column":51}},"7":{"start":{"line":16,"column":0},"end":{"line":16,"column":53}},"8":{"start":{"line":18,"column":14},"end":{"line":115,"column":1}},"9":{"start":{"line":19,"column":28},"end":{"line":19,"column":40}},"10":{"start":{"line":20,"column":34},"end":{"line":20,"column":46}},"11":{"start":{"line":21,"column":32},"end":{"line":21,"column":47}},"12":{"start":{"line":22,"column":40},"end":{"line":22,"column":55}},"13":{"start":{"line":23,"column":15},"end":{"line":23,"column":28}},"14":{"start":{"line":25,"column":17},"end":{"line":48,"column":3}},"15":{"start":{"line":26,"column":4},"end":{"line":26,"column":21}},"16":{"start":{"line":27,"column":4},"end":{"line":31,"column":5}},"17":{"start":{"line":28,"column":6},"end":{"line":28,"column":53}},"18":{"start":{"line":29,"column":6},"end":{"line":29,"column":24}},"19":{"start":{"line":30,"column":6},"end":{"line":30,"column":13}},"20":{"start":{"line":32,"column":4},"end":{"line":47,"column":5}},"21":{"start":{"line":33,"column":23},"end":{"line":33,"column":78}},"22":{"start":{"line":34,"column":19},"end":{"line":34,"column":32}},"23":{"start":{"line":37,"column":6},"end":{"line":40,"column":7}},"24":{"start":{"line":38,"column":8},"end":{"line":38,"column":65}},"25":{"start":{"line":39,"column":8},"end":{"line":39,"column":30}},"26":{"start":{"line":42,"column":6},"end":{"line":46,"column":7}},"27":{"start":{"line":43,"column":8},"end":{"line":43,"column":60}},"28":{"start":{"line":45,"column":8},"end":{"line":45,"column":44}},"29":{"start":{"line":50,"column":2},"end":{"line":114,"column":4}},"30":{"start":{"line":68,"column":37},"end":{"line":68,"column":48}},"31":{"start":{"line":77,"column":37},"end":{"line":77,"column":51}},"32":{"start":{"line":117,"column":0},"end":{"line":117,"column":21}}},"fnMap":{"0":{"name":"(anonymous_7)","decl":{"start":{"line":18,"column":14},"end":{"line":18,"column":17}},"loc":{"start":{"line":18,"column":19},"end":{"line":115,"column":1}}},"1":{"name":"(anonymous_8)","decl":{"start":{"line":25,"column":17},"end":{"line":25,"column":22}},"loc":{"start":{"line":25,"column":28},"end":{"line":48,"column":3}}},"2":{"name":"(anonymous_9)","decl":{"start":{"line":68,"column":30},"end":{"line":68,"column":31}},"loc":{"start":{"line":68,"column":37},"end":{"line":68,"column":48}}},"3":{"name":"(anonymous_10)","decl":{"start":{"line":77,"column":30},"end":{"line":77,"column":31}},"loc":{"start":{"line":77,"column":37},"end":{"line":77,"column":51}}}},"branchMap":{"0":{"loc":{"start":{"line":27,"column":4},"end":{"line":31,"column":5}},"type":"if","locations":[{"start":{"line":27,"column":4},"end":{"line":31,"column":5}}]},"1":{"loc":{"start":{"line":27,"column":8},"end":{"line":27,"column":27}},"type":"binary-expr","locations":[{"start":{"line":27,"column":8},"end":{"line":27,"column":14}},{"start":{"line":27,"column":18},"end":{"line":27,"column":27}}]},"2":{"loc":{"start":{"line":37,"column":6},"end":{"line":40,"column":7}},"type":"if","locations":[{"start":{"line":37,"column":6},"end":{"line":40,"column":7}}]},"3":{"loc":{"start":{"line":42,"column":6},"end":{"line":46,"column":7}},"type":"if","locations":[{"start":{"line":42,"column":6},"end":{"line":46,"column":7}},{"start":{"line":44,"column":13},"end":{"line":46,"column":7}}]}},"s":{"0":0,"1":0,"2":0,"3":0,"4":0,"5":0,"6":0,"7":0,"8":0,"9":0,"10":0,"11":0,"12":0,"13":0,"14":0,"15":0,"16":0,"17":0,"18":0,"19":0,"20":0,"21":0,"22":0,"23":0,"24":0,"25":0,"26":0,"27":0,"28":0,"29":0,"30":0,"31":0,"32":0},"f":{"0":0,"1":0,"2":0,"3":0},"b":{"0":[0],"1":[0,0],"2":[0],"3":[0,0]}}
,"/Users/isabelwang/Desktop/LetsEat/LetsEat/app/(auth)/signup.tsx": {"path":"/Users/isabelwang/Desktop/LetsEat/LetsEat/app/(auth)/signup.tsx","statementMap":{"0":{"start":{"line":1,"column":0},"end":{"line":1,"column":null}},"1":{"start":{"line":9,"column":0},"end":{"line":9,"column":40}},"2":{"start":{"line":10,"column":0},"end":{"line":10,"column":66}},"3":{"start":{"line":11,"column":0},"end":{"line":11,"column":null}},"4":{"start":{"line":17,"column":0},"end":{"line":17,"column":57}},"5":{"start":{"line":18,"column":0},"end":{"line":18,"column":43}},"6":{"start":{"line":19,"column":0},"end":{"line":19,"column":51}},"7":{"start":{"line":20,"column":0},"end":{"line":20,"column":53}},"8":{"start":{"line":22,"column":15},"end":{"line":144,"column":1}},"9":{"start":{"line":23,"column":28},"end":{"line":23,"column":40}},"10":{"start":{"line":24,"column":34},"end":{"line":24,"column":46}},"11":{"start":{"line":25,"column":34},"end":{"line":25,"column":46}},"12":{"start":{"line":26,"column":32},"end":{"line":26,"column":47}},"13":{"start":{"line":27,"column":40},"end":{"line":27,"column":55}},"14":{"start":{"line":28,"column":15},"end":{"line":28,"column":28}},"15":{"start":{"line":29,"column":16},"end":{"line":29,"column":32}},"16":{"start":{"line":31,"column":17},"end":{"line":84,"column":3}},"17":{"start":{"line":32,"column":4},"end":{"line":32,"column":21}},"18":{"start":{"line":33,"column":4},"end":{"line":37,"column":5}},"19":{"start":{"line":34,"column":6},"end":{"line":34,"column":53}},"20":{"start":{"line":35,"column":6},"end":{"line":35,"column":24}},"21":{"start":{"line":36,"column":6},"end":{"line":36,"column":13}},"22":{"start":{"line":39,"column":4},"end":{"line":83,"column":5}},"23":{"start":{"line":41,"column":23},"end":{"line":41,"column":71}},"24":{"start":{"line":42,"column":6},"end":{"line":46,"column":7}},"25":{"start":{"line":43,"column":8},"end":{"line":43,"column":46}},"26":{"start":{"line":44,"column":8},"end":{"line":44,"column":46}},"27":{"start":{"line":45,"column":8},"end":{"line":45,"column":15}},"28":{"start":{"line":49,"column":23},"end":{"line":52,"column":null}},"29":{"start":{"line":54,"column":19},"end":{"line":54,"column":32}},"30":{"start":{"line":55,"column":6},"end":{"line":55,"column":24}},"31":{"start":{"line":59,"column":6},"end":{"line":59,"column":34}},"32":{"start":{"line":60,"column":6},"end":{"line":60,"column":46}},"33":{"start":{"line":63,"column":6},"end":{"line":63,"column":59}},"34":{"start":{"line":66,"column":6},"end":{"line":69,"column":9}},"35":{"start":{"line":71,"column":6},"end":{"line":71,"column":69}},"36":{"start":{"line":73,"column":6},"end":{"line":73,"column":61}},"37":{"start":{"line":75,"column":6},"end":{"line":75,"column":25}},"38":{"start":{"line":76,"column":6},"end":{"line":80,"column":7}},"39":{"start":{"line":77,"column":8},"end":{"line":77,"column":65}},"40":{"start":{"line":79,"column":8},"end":{"line":79,"column":44}},"41":{"start":{"line":82,"column":6},"end":{"line":82,"column":24}},"42":{"start":{"line":86,"column":2},"end":{"line":143,"column":4}},"43":{"start":{"line":100,"column":37},"end":{"line":100,"column":51}},"44":{"start":{"line":109,"column":37},"end":{"line":109,"column":48}},"45":{"start":{"line":118,"column":37},"end":{"line":118,"column":51}},"46":{"start":{"line":146,"column":0},"end":{"line":146,"column":22}}},"fnMap":{"0":{"name":"(anonymous_7)","decl":{"start":{"line":22,"column":15},"end":{"line":22,"column":18}},"loc":{"start":{"line":22,"column":20},"end":{"line":144,"column":1}}},"1":{"name":"(anonymous_8)","decl":{"start":{"line":31,"column":17},"end":{"line":31,"column":22}},"loc":{"start":{"line":31,"column":28},"end":{"line":84,"column":3}}},"2":{"name":"(anonymous_9)","decl":{"start":{"line":100,"column":30},"end":{"line":100,"column":31}},"loc":{"start":{"line":100,"column":37},"end":{"line":100,"column":51}}},"3":{"name":"(anonymous_10)","decl":{"start":{"line":109,"column":30},"end":{"line":109,"column":31}},"loc":{"start":{"line":109,"column":37},"end":{"line":109,"column":48}}},"4":{"name":"(anonymous_11)","decl":{"start":{"line":118,"column":30},"end":{"line":118,"column":31}},"loc":{"start":{"line":118,"column":37},"end":{"line":118,"column":51}}}},"branchMap":{"0":{"loc":{"start":{"line":33,"column":4},"end":{"line":37,"column":5}},"type":"if","locations":[{"start":{"line":33,"column":4},"end":{"line":37,"column":5}}]},"1":{"loc":{"start":{"line":33,"column":8},"end":{"line":33,"column":40}},"type":"binary-expr","locations":[{"start":{"line":33,"column":8},"end":{"line":33,"column":14}},{"start":{"line":33,"column":18},"end":{"line":33,"column":27}},{"start":{"line":33,"column":31},"end":{"line":33,"column":40}}]},"2":{"loc":{"start":{"line":42,"column":6},"end":{"line":46,"column":7}},"type":"if","locations":[{"start":{"line":42,"column":6},"end":{"line":46,"column":7}}]},"3":{"loc":{"start":{"line":76,"column":6},"end":{"line":80,"column":7}},"type":"if","locations":[{"start":{"line":76,"column":6},"end":{"line":80,"column":7}},{"start":{"line":78,"column":13},"end":{"line":80,"column":7}}]}},"s":{"0":0,"1":0,"2":0,"3":0,"4":0,"5":0,"6":0,"7":0,"8":0,"9":0,"10":0,"11":0,"12":0,"13":0,"14":0,"15":0,"16":0,"17":0,"18":0,"19":0,"20":0,"21":0,"22":0,"23":0,"24":0,"25":0,"26":0,"27":0,"28":0,"29":0,"30":0,"31":0,"32":0,"33":0,"34":0,"35":0,"36":0,"37":0,"38":0,"39":0,"40":0,"41":0,"42":0,"43":0,"44":0,"45":0,"46":0},"f":{"0":0,"1":0,"2":0,"3":0,"4":0},"b":{"0":[0],"1":[0,0,0],"2":[0],"3":[0,0]}}
,"/Users/isabelwang/Desktop/LetsEat/LetsEat/app/(eatrequests)/booking.tsx": {"path":"/Users/isabelwang/Desktop/LetsEat/LetsEat/app/(eatrequests)/booking.tsx","statementMap":{"0":{"start":{"line":1,"column":0},"end":{"line":1,"column":51}},"1":{"start":{"line":2,"column":0},"end":{"line":2,"column":135}},"2":{"start":{"line":3,"column":0},"end":{"line":3,"column":40}},"3":{"start":{"line":4,"column":0},"end":{"line":4,"column":49}},"4":{"start":{"line":5,"column":0},"end":{"line":5,"column":51}},"5":{"start":{"line":6,"column":0},"end":{"line":6,"column":40}},"6":{"start":{"line":16,"column":22},"end":{"line":221,"column":1}},"7":{"start":{"line":17,"column":42},"end":{"line":17,"column":54}},"8":{"start":{"line":18,"column":34},"end":{"line":18,"column":56}},"9":{"start":{"line":19,"column":50},"end":{"line":19,"column":72}},"10":{"start":{"line":20,"column":64},"end":{"line":20,"column":86}},"11":{"start":{"line":21,"column":62},"end":{"line":21,"column":84}},"12":{"start":{"line":22,"column":80},"end":{"line":22,"column":102}},"13":{"start":{"line":23,"column":78},"end":{"line":23,"column":100}},"14":{"start":{"line":24,"column":50},"end":{"line":24,"column":72}},"15":{"start":{"line":25,"column":66},"end":{"line":25,"column":81}},"16":{"start":{"line":26,"column":50},"end":{"line":26,"column":65}},"17":{"start":{"line":27,"column":48},"end":{"line":27,"column":63}},"18":{"start":{"line":28,"column":42},"end":{"line":28,"column":54}},"19":{"start":{"line":29,"column":40},"end":{"line":29,"column":52}},"20":{"start":{"line":30,"column":19},"end":{"line":30,"column":30}},"21":{"start":{"line":32,"column":4},"end":{"line":99,"column":11}},"22":{"start":{"line":33,"column":21},"end":{"line":33,"column":30}},"23":{"start":{"line":34,"column":28},"end":{"line":34,"column":44}},"24":{"start":{"line":35,"column":8},"end":{"line":35,"column":33}},"25":{"start":{"line":35,"column":26},"end":{"line":35,"column":33}},"26":{"start":{"line":37,"column":27},"end":{"line":37,"column":83}},"27":{"start":{"line":38,"column":8},"end":{"line":54,"column":11}},"28":{"start":{"line":39,"column":25},"end":{"line":39,"column":39}},"29":{"start":{"line":40,"column":12},"end":{"line":53,"column":13}},"30":{"start":{"line":41,"column":36},"end":{"line":47,"column":19}},"31":{"start":{"line":41,"column":66},"end":{"line":47,"column":18}},"32":{"start":{"line":48,"column":16},"end":{"line":48,"column":40}},"33":{"start":{"line":49,"column":16},"end":{"line":49,"column":48}},"34":{"start":{"line":51,"column":16},"end":{"line":51,"column":31}},"35":{"start":{"line":52,"column":16},"end":{"line":52,"column":39}},"36":{"start":{"line":56,"column":24},"end":{"line":56,"column":68}},"37":{"start":{"line":57,"column":8},"end":{"line":98,"column":11}},"38":{"start":{"line":58,"column":29},"end":{"line":58,"column":43}},"39":{"start":{"line":59,"column":12},"end":{"line":97,"column":13}},"40":{"start":{"line":60,"column":32},"end":{"line":60,"column":48}},"41":{"start":{"line":61,"column":43},"end":{"line":61,"column":70}},"42":{"start":{"line":62,"column":16},"end":{"line":62,"column":40}},"43":{"start":{"line":63,"column":16},"end":{"line":63,"column":50}},"44":{"start":{"line":65,"column":36},"end":{"line":65,"column":61}},"45":{"start":{"line":66,"column":16},"end":{"line":96,"column":19}},"46":{"start":{"line":67,"column":41},"end":{"line":67,"column":58}},"47":{"start":{"line":68,"column":20},"end":{"line":95,"column":21}},"48":{"start":{"line":69,"column":41},"end":{"line":75,"column":27}},"49":{"start":{"line":69,"column":79},"end":{"line":75,"column":26}},"50":{"start":{"line":77,"column":41},"end":{"line":77,"column":100}},"51":{"start":{"line":77,"column":58},"end":{"line":77,"column":100}},"52":{"start":{"line":77,"column":81},"end":{"line":77,"column":99}},"53":{"start":{"line":79,"column":56},"end":{"line":82,"column":null}},"54":{"start":{"line":80,"column":28},"end":{"line":82,"column":56}},"55":{"start":{"line":85,"column":55},"end":{"line":88,"column":null}},"56":{"start":{"line":86,"column":28},"end":{"line":88,"column":56}},"57":{"start":{"line":91,"column":24},"end":{"line":91,"column":75}},"58":{"start":{"line":92,"column":24},"end":{"line":92,"column":83}},"59":{"start":{"line":93,"column":24},"end":{"line":93,"column":73}},"60":{"start":{"line":94,"column":24},"end":{"line":94,"column":81}},"61":{"start":{"line":102,"column":25},"end":{"line":124,"column":5}},"62":{"start":{"line":103,"column":8},"end":{"line":103,"column":30}},"63":{"start":{"line":104,"column":8},"end":{"line":109,"column":9}},"64":{"start":{"line":105,"column":12},"end":{"line":105,"column":40}},"65":{"start":{"line":106,"column":12},"end":{"line":106,"column":70}},"66":{"start":{"line":107,"column":12},"end":{"line":107,"column":68}},"67":{"start":{"line":108,"column":12},"end":{"line":108,"column":19}},"68":{"start":{"line":110,"column":32},"end":{"line":111,"column":null}},"69":{"start":{"line":111,"column":12},"end":{"line":111,"column":71}},"70":{"start":{"line":113,"column":8},"end":{"line":113,"column":44}},"71":{"start":{"line":115,"column":32},"end":{"line":116,"column":null}},"72":{"start":{"line":116,"column":12},"end":{"line":116,"column":69}},"73":{"start":{"line":118,"column":8},"end":{"line":118,"column":59}},"74":{"start":{"line":120,"column":31},"end":{"line":121,"column":null}},"75":{"start":{"line":121,"column":12},"end":{"line":121,"column":69}},"76":{"start":{"line":123,"column":8},"end":{"line":123,"column":57}},"77":{"start":{"line":127,"column":30},"end":{"line":133,"column":5}},"78":{"start":{"line":128,"column":8},"end":{"line":132,"column":9}},"79":{"start":{"line":128,"column":45},"end":{"line":128,"column":72}},"80":{"start":{"line":129,"column":12},"end":{"line":129,"column":96}},"81":{"start":{"line":129,"column":66},"end":{"line":129,"column":93}},"82":{"start":{"line":131,"column":12},"end":{"line":131,"column":61}},"83":{"start":{"line":136,"column":30},"end":{"line":138,"column":5}},"84":{"start":{"line":137,"column":8},"end":{"line":137,"column":108}},"85":{"start":{"line":140,"column":23},"end":{"line":140,"column":104}},"86":{"start":{"line":140,"column":43},"end":{"line":140,"column":104}},"87":{"start":{"line":140,"column":76},"end":{"line":140,"column":103}},"88":{"start":{"line":142,"column":4},"end":{"line":220,"column":6}},"89":{"start":{"line":144,"column":71},"end":{"line":144,"column":84}},"90":{"start":{"line":157,"column":20},"end":{"line":161,"column":null}},"91":{"start":{"line":157,"column":90},"end":{"line":157,"column":115}},"92":{"start":{"line":167,"column":49},"end":{"line":167,"column":85}},"93":{"start":{"line":174,"column":28},"end":{"line":178,"column":null}},"94":{"start":{"line":174,"column":96},"end":{"line":174,"column":119}},"95":{"start":{"line":183,"column":49},"end":{"line":183,"column":83}},"96":{"start":{"line":190,"column":28},"end":{"line":194,"column":null}},"97":{"start":{"line":190,"column":96},"end":{"line":190,"column":119}},"98":{"start":{"line":211,"column":57},"end":{"line":211,"column":90}},"99":{"start":{"line":223,"column":15},"end":{"line":352,"column":2}},"100":{"start":{"line":354,"column":0},"end":{"line":354,"column":29}}},"fnMap":{"0":{"name":"(anonymous_6)","decl":{"start":{"line":16,"column":22},"end":{"line":16,"column":25}},"loc":{"start":{"line":16,"column":27},"end":{"line":221,"column":1}}},"1":{"name":"(anonymous_7)","decl":{"start":{"line":32,"column":14},"end":{"line":32,"column":17}},"loc":{"start":{"line":32,"column":19},"end":{"line":99,"column":5}}},"2":{"name":"(anonymous_8)","decl":{"start":{"line":38,"column":28},"end":{"line":38,"column":29}},"loc":{"start":{"line":38,"column":41},"end":{"line":54,"column":9}}},"3":{"name":"(anonymous_9)","decl":{"start":{"line":41,"column":58},"end":{"line":41,"column":61}},"loc":{"start":{"line":41,"column":66},"end":{"line":47,"column":18}}},"4":{"name":"(anonymous_10)","decl":{"start":{"line":57,"column":25},"end":{"line":57,"column":26}},"loc":{"start":{"line":57,"column":38},"end":{"line":98,"column":9}}},"5":{"name":"(anonymous_11)","decl":{"start":{"line":66,"column":37},"end":{"line":66,"column":38}},"loc":{"start":{"line":66,"column":53},"end":{"line":96,"column":17}}},"6":{"name":"(anonymous_12)","decl":{"start":{"line":69,"column":71},"end":{"line":69,"column":74}},"loc":{"start":{"line":69,"column":79},"end":{"line":75,"column":26}}},"7":{"name":"(anonymous_13)","decl":{"start":{"line":77,"column":41},"end":{"line":77,"column":42}},"loc":{"start":{"line":77,"column":58},"end":{"line":77,"column":100}}},"8":{"name":"(anonymous_14)","decl":{"start":{"line":77,"column":71},"end":{"line":77,"column":77}},"loc":{"start":{"line":77,"column":81},"end":{"line":77,"column":99}}},"9":{"name":"(anonymous_15)","decl":{"start":{"line":79,"column":72},"end":{"line":79,"column":76}},"loc":{"start":{"line":80,"column":28},"end":{"line":82,"column":56}}},"10":{"name":"(anonymous_16)","decl":{"start":{"line":85,"column":71},"end":{"line":85,"column":75}},"loc":{"start":{"line":86,"column":28},"end":{"line":88,"column":56}}},"11":{"name":"(anonymous_17)","decl":{"start":{"line":102,"column":25},"end":{"line":102,"column":26}},"loc":{"start":{"line":102,"column":43},"end":{"line":124,"column":5}}},"12":{"name":"(anonymous_18)","decl":{"start":{"line":110,"column":47},"end":{"line":110,"column":48}},"loc":{"start":{"line":111,"column":12},"end":{"line":111,"column":71}}},"13":{"name":"(anonymous_19)","decl":{"start":{"line":115,"column":62},"end":{"line":115,"column":63}},"loc":{"start":{"line":116,"column":12},"end":{"line":116,"column":69}}},"14":{"name":"(anonymous_20)","decl":{"start":{"line":120,"column":60},"end":{"line":120,"column":61}},"loc":{"start":{"line":121,"column":12},"end":{"line":121,"column":69}}},"15":{"name":"(anonymous_21)","decl":{"start":{"line":127,"column":30},"end":{"line":127,"column":31}},"loc":{"start":{"line":127,"column":49},"end":{"line":133,"column":5}}},"16":{"name":"(anonymous_22)","decl":{"start":{"line":128,"column":33},"end":{"line":128,"column":41}},"loc":{"start":{"line":128,"column":45},"end":{"line":128,"column":72}}},"17":{"name":"(anonymous_23)","decl":{"start":{"line":129,"column":54},"end":{"line":129,"column":62}},"loc":{"start":{"line":129,"column":66},"end":{"line":129,"column":93}}},"18":{"name":"(anonymous_24)","decl":{"start":{"line":136,"column":30},"end":{"line":136,"column":33}},"loc":{"start":{"line":136,"column":35},"end":{"line":138,"column":5}}},"19":{"name":"(anonymous_25)","decl":{"start":{"line":140,"column":23},"end":{"line":140,"column":24}},"loc":{"start":{"line":140,"column":43},"end":{"line":140,"column":104}}},"20":{"name":"(anonymous_26)","decl":{"start":{"line":140,"column":64},"end":{"line":140,"column":72}},"loc":{"start":{"line":140,"column":76},"end":{"line":140,"column":103}}},"21":{"name":"(anonymous_27)","decl":{"start":{"line":144,"column":65},"end":{"line":144,"column":68}},"loc":{"start":{"line":144,"column":71},"end":{"line":144,"column":84}}},"22":{"name":"(anonymous_28)","decl":{"start":{"line":156,"column":37},"end":{"line":156,"column":38}},"loc":{"start":{"line":157,"column":20},"end":{"line":161,"column":null}}},"23":{"name":"(anonymous_29)","decl":{"start":{"line":157,"column":84},"end":{"line":157,"column":87}},"loc":{"start":{"line":157,"column":90},"end":{"line":157,"column":115}}},"24":{"name":"(anonymous_30)","decl":{"start":{"line":167,"column":43},"end":{"line":167,"column":46}},"loc":{"start":{"line":167,"column":49},"end":{"line":167,"column":85}}},"25":{"name":"(anonymous_31)","decl":{"start":{"line":173,"column":60},"end":{"line":173,"column":61}},"loc":{"start":{"line":174,"column":28},"end":{"line":178,"column":null}}},"26":{"name":"(anonymous_32)","decl":{"start":{"line":174,"column":90},"end":{"line":174,"column":93}},"loc":{"start":{"line":174,"column":96},"end":{"line":174,"column":119}}},"27":{"name":"(anonymous_33)","decl":{"start":{"line":183,"column":43},"end":{"line":183,"column":46}},"loc":{"start":{"line":183,"column":49},"end":{"line":183,"column":83}}},"28":{"name":"(anonymous_34)","decl":{"start":{"line":189,"column":59},"end":{"line":189,"column":60}},"loc":{"start":{"line":190,"column":28},"end":{"line":194,"column":null}}},"29":{"name":"(anonymous_35)","decl":{"start":{"line":190,"column":90},"end":{"line":190,"column":93}},"loc":{"start":{"line":190,"column":96},"end":{"line":190,"column":119}}},"30":{"name":"(anonymous_36)","decl":{"start":{"line":211,"column":51},"end":{"line":211,"column":54}},"loc":{"start":{"line":211,"column":57},"end":{"line":211,"column":90}}}},"branchMap":{"0":{"loc":{"start":{"line":35,"column":8},"end":{"line":35,"column":33}},"type":"if","locations":[{"start":{"line":35,"column":8},"end":{"line":35,"column":33}}]},"1":{"loc":{"start":{"line":40,"column":12},"end":{"line":53,"column":13}},"type":"if","locations":[{"start":{"line":40,"column":12},"end":{"line":53,"column":13}},{"start":{"line":50,"column":19},"end":{"line":53,"column":13}}]},"2":{"loc":{"start":{"line":45,"column":29},"end":{"line":45,"column":52}},"type":"binary-expr","locations":[{"start":{"line":45,"column":29},"end":{"line":45,"column":46}},{"start":{"line":45,"column":50},"end":{"line":45,"column":52}}]},"3":{"loc":{"start":{"line":46,"column":40},"end":{"line":46,"column":74}},"type":"binary-expr","locations":[{"start":{"line":46,"column":40},"end":{"line":46,"column":68}},{"start":{"line":46,"column":72},"end":{"line":46,"column":74}}]},"4":{"loc":{"start":{"line":59,"column":12},"end":{"line":97,"column":13}},"type":"if","locations":[{"start":{"line":59,"column":12},"end":{"line":97,"column":13}}]},"5":{"loc":{"start":{"line":68,"column":20},"end":{"line":95,"column":21}},"type":"if","locations":[{"start":{"line":68,"column":20},"end":{"line":95,"column":21}}]},"6":{"loc":{"start":{"line":80,"column":28},"end":{"line":82,"column":56}},"type":"binary-expr","locations":[{"start":{"line":80,"column":28},"end":{"line":80,"column":52}},{"start":{"line":81,"column":28},"end":{"line":81,"column":47}},{"start":{"line":82,"column":28},"end":{"line":82,"column":56}}]},"7":{"loc":{"start":{"line":86,"column":28},"end":{"line":88,"column":56}},"type":"binary-expr","locations":[{"start":{"line":86,"column":28},"end":{"line":86,"column":74}},{"start":{"line":87,"column":28},"end":{"line":87,"column":47}},{"start":{"line":88,"column":28},"end":{"line":88,"column":56}}]},"8":{"loc":{"start":{"line":104,"column":8},"end":{"line":109,"column":9}},"type":"if","locations":[{"start":{"line":104,"column":8},"end":{"line":109,"column":9}}]},"9":{"loc":{"start":{"line":128,"column":8},"end":{"line":132,"column":9}},"type":"if","locations":[{"start":{"line":128,"column":8},"end":{"line":132,"column":9}},{"start":{"line":130,"column":15},"end":{"line":132,"column":9}}]},"10":{"loc":{"start":{"line":160,"column":69},"end":{"line":160,"column":106}},"type":"binary-expr","locations":[{"start":{"line":160,"column":69},"end":{"line":160,"column":87}},{"start":{"line":160,"column":91},"end":{"line":160,"column":106}}]},"11":{"loc":{"start":{"line":171,"column":17},"end":{"line":181,"column":null}},"type":"binary-expr","locations":[{"start":{"line":171,"column":17},"end":{"line":171,"column":32}},{"start":{"line":172,"column":20},"end":{"line":180,"column":null}}]},"12":{"loc":{"start":{"line":177,"column":77},"end":{"line":177,"column":112}},"type":"binary-expr","locations":[{"start":{"line":177,"column":77},"end":{"line":177,"column":93}},{"start":{"line":177,"column":97},"end":{"line":177,"column":112}}]},"13":{"loc":{"start":{"line":187,"column":17},"end":{"line":197,"column":null}},"type":"binary-expr","locations":[{"start":{"line":187,"column":17},"end":{"line":187,"column":31}},{"start":{"line":188,"column":20},"end":{"line":196,"column":null}}]},"14":{"loc":{"start":{"line":193,"column":77},"end":{"line":193,"column":112}},"type":"binary-expr","locations":[{"start":{"line":193,"column":77},"end":{"line":193,"column":93}},{"start":{"line":193,"column":97},"end":{"line":193,"column":112}}]},"15":{"loc":{"start":{"line":200,"column":13},"end":{"line":208,"column":null}},"type":"binary-expr","locations":[{"start":{"line":200,"column":13},"end":{"line":200,"column":39}},{"start":{"line":201,"column":16},"end":{"line":207,"column":null}}]}},"s":{"0":0,"1":0,"2":0,"3":0,"4":0,"5":0,"6":0,"7":0,"8":0,"9":0,"10":0,"11":0,"12":0,"13":0,"14":0,"15":0,"16":0,"17":0,"18":0,"19":0,"20":0,"21":0,"22":0,"23":0,"24":0,"25":0,"26":0,"27":0,"28":0,"29":0,"30":0,"31":0,"32":0,"33":0,"34":0,"35":0,"36":0,"37":0,"38":0,"39":0,"40":0,"41":0,"42":0,"43":0,"44":0,"45":0,"46":0,"47":0,"48":0,"49":0,"50":0,"51":0,"52":0,"53":0,"54":0,"55":0,"56":0,"57":0,"58":0,"59":0,"60":0,"61":0,"62":0,"63":0,"64":0,"65":0,"66":0,"67":0,"68":0,"69":0,"70":0,"71":0,"72":0,"73":0,"74":0,"75":0,"76":0,"77":0,"78":0,"79":0,"80":0,"81":0,"82":0,"83":0,"84":0,"85":0,"86":0,"87":0,"88":0,"89":0,"90":0,"91":0,"92":0,"93":0,"94":0,"95":0,"96":0,"97":0,"98":0,"99":0,"100":0},"f":{"0":0,"1":0,"2":0,"3":0,"4":0,"5":0,"6":0,"7":0,"8":0,"9":0,"10":0,"11":0,"12":0,"13":0,"14":0,"15":0,"16":0,"17":0,"18":0,"19":0,"20":0,"21":0,"22":0,"23":0,"24":0,"25":0,"26":0,"27":0,"28":0,"29":0,"30":0},"b":{"0":[0],"1":[0,0],"2":[0,0],"3":[0,0],"4":[0],"5":[0],"6":[0,0,0],"7":[0,0,0],"8":[0],"9":[0,0],"10":[0,0],"11":[0,0],"12":[0,0],"13":[0,0],"14":[0,0],"15":[0,0]}}
,"/Users/isabelwang/Desktop/LetsEat/LetsEat/app/(eatrequests)/bookingdetails.tsx": {"path":"/Users/isabelwang/Desktop/LetsEat/LetsEat/app/(eatrequests)/bookingdetails.tsx","statementMap":{"0":{"start":{"line":1,"column":0},"end":{"line":1,"column":40}},"1":{"start":{"line":2,"column":0},"end":{"line":2,"column":82}},"2":{"start":{"line":3,"column":0},"end":{"line":3,"column":68}},"3":{"start":{"line":4,"column":0},"end":{"line":4,"column":62}},"4":{"start":{"line":5,"column":0},"end":{"line":5,"column":59}},"5":{"start":{"line":6,"column":0},"end":{"line":6,"column":40}},"6":{"start":{"line":8,"column":23},"end":{"line":107,"column":1}},"7":{"start":{"line":9,"column":24},"end":{"line":9,"column":46}},"8":{"start":{"line":10,"column":28},"end":{"line":10,"column":57}},"9":{"start":{"line":11,"column":28},"end":{"line":11,"column":65}},"10":{"start":{"line":12,"column":28},"end":{"line":12,"column":65}},"11":{"start":{"line":13,"column":48},"end":{"line":13,"column":63}},"12":{"start":{"line":14,"column":48},"end":{"line":14,"column":63}},"13":{"start":{"line":15,"column":19},"end":{"line":15,"column":30}},"14":{"start":{"line":16,"column":21},"end":{"line":16,"column":34}},"15":{"start":{"line":18,"column":25},"end":{"line":23,"column":5}},"16":{"start":{"line":19,"column":28},"end":{"line":19,"column":48}},"17":{"start":{"line":20,"column":8},"end":{"line":20,"column":49}},"18":{"start":{"line":21,"column":8},"end":{"line":21,"column":29}},"19":{"start":{"line":22,"column":8},"end":{"line":22,"column":27}},"20":{"start":{"line":25,"column":25},"end":{"line":29,"column":5}},"21":{"start":{"line":26,"column":28},"end":{"line":26,"column":48}},"22":{"start":{"line":27,"column":8},"end":{"line":27,"column":49}},"23":{"start":{"line":28,"column":8},"end":{"line":28,"column":29}},"24":{"start":{"line":31,"column":32},"end":{"line":64,"column":5}},"25":{"start":{"line":32,"column":8},"end":{"line":63,"column":9}},"26":{"start":{"line":33,"column":25},"end":{"line":33,"column":34}},"27":{"start":{"line":34,"column":32},"end":{"line":34,"column":48}},"28":{"start":{"line":35,"column":12},"end":{"line":38,"column":13}},"29":{"start":{"line":36,"column":16},"end":{"line":36,"column":49}},"30":{"start":{"line":37,"column":16},"end":{"line":37,"column":23}},"31":{"start":{"line":40,"column":35},"end":{"line":46,"column":14}},"32":{"start":{"line":48,"column":12},"end":{"line":60,"column":13}},"33":{"start":{"line":49,"column":33},"end":{"line":52,"column":18}},"34":{"start":{"line":50,"column":39},"end":{"line":50,"column":91}},"35":{"start":{"line":51,"column":20},"end":{"line":51,"column":60}},"36":{"start":{"line":54,"column":16},"end":{"line":54,"column":44}},"37":{"start":{"line":55,"column":16},"end":{"line":55,"column":200}},"38":{"start":{"line":55,"column":104},"end":{"line":55,"column":119}},"39":{"start":{"line":56,"column":16},"end":{"line":56,"column":30}},"40":{"start":{"line":58,"column":16},"end":{"line":58,"column":73}},"41":{"start":{"line":59,"column":16},"end":{"line":59,"column":75}},"42":{"start":{"line":62,"column":12},"end":{"line":62,"column":55}},"43":{"start":{"line":66,"column":28},"end":{"line":66,"column":38}},"44":{"start":{"line":68,"column":4},"end":{"line":106,"column":6}},"45":{"start":{"line":70,"column":108},"end":{"line":70,"column":123}},"46":{"start":{"line":71,"column":45},"end":{"line":71,"column":68}},"47":{"start":{"line":85,"column":45},"end":{"line":85,"column":68}},"48":{"start":{"line":102,"column":71},"end":{"line":102,"column":84}},"49":{"start":{"line":109,"column":15},"end":{"line":160,"column":2}},"50":{"start":{"line":162,"column":0},"end":{"line":162,"column":30}}},"fnMap":{"0":{"name":"(anonymous_7)","decl":{"start":{"line":8,"column":23},"end":{"line":8,"column":26}},"loc":{"start":{"line":8,"column":28},"end":{"line":107,"column":1}}},"1":{"name":"(anonymous_8)","decl":{"start":{"line":18,"column":25},"end":{"line":18,"column":26}},"loc":{"start":{"line":18,"column":61},"end":{"line":23,"column":5}}},"2":{"name":"(anonymous_9)","decl":{"start":{"line":25,"column":25},"end":{"line":25,"column":26}},"loc":{"start":{"line":25,"column":61},"end":{"line":29,"column":5}}},"3":{"name":"(anonymous_10)","decl":{"start":{"line":31,"column":32},"end":{"line":31,"column":37}},"loc":{"start":{"line":31,"column":43},"end":{"line":64,"column":5}}},"4":{"name":"(anonymous_11)","decl":{"start":{"line":49,"column":53},"end":{"line":49,"column":54}},"loc":{"start":{"line":49,"column":99},"end":{"line":52,"column":17}}},"5":{"name":"(anonymous_12)","decl":{"start":{"line":55,"column":70},"end":{"line":55,"column":71}},"loc":{"start":{"line":55,"column":104},"end":{"line":55,"column":119}}},"6":{"name":"(anonymous_13)","decl":{"start":{"line":70,"column":74},"end":{"line":70,"column":75}},"loc":{"start":{"line":70,"column":108},"end":{"line":70,"column":123}}},"7":{"name":"(anonymous_14)","decl":{"start":{"line":71,"column":39},"end":{"line":71,"column":42}},"loc":{"start":{"line":71,"column":45},"end":{"line":71,"column":68}}},"8":{"name":"(anonymous_15)","decl":{"start":{"line":85,"column":39},"end":{"line":85,"column":42}},"loc":{"start":{"line":85,"column":45},"end":{"line":85,"column":68}}},"9":{"name":"(anonymous_16)","decl":{"start":{"line":102,"column":65},"end":{"line":102,"column":68}},"loc":{"start":{"line":102,"column":71},"end":{"line":102,"column":84}}}},"branchMap":{"0":{"loc":{"start":{"line":19,"column":28},"end":{"line":19,"column":48}},"type":"binary-expr","locations":[{"start":{"line":19,"column":28},"end":{"line":19,"column":40}},{"start":{"line":19,"column":44},"end":{"line":19,"column":48}}]},"1":{"loc":{"start":{"line":26,"column":28},"end":{"line":26,"column":48}},"type":"binary-expr","locations":[{"start":{"line":26,"column":28},"end":{"line":26,"column":40}},{"start":{"line":26,"column":44},"end":{"line":26,"column":48}}]},"2":{"loc":{"start":{"line":32,"column":8},"end":{"line":63,"column":9}},"type":"if","locations":[{"start":{"line":32,"column":8},"end":{"line":63,"column":9}},{"start":{"line":61,"column":15},"end":{"line":63,"column":9}}]},"3":{"loc":{"start":{"line":32,"column":12},"end":{"line":32,"column":24}},"type":"binary-expr","locations":[{"start":{"line":32,"column":12},"end":{"line":32,"column":16}},{"start":{"line":32,"column":20},"end":{"line":32,"column":24}}]},"4":{"loc":{"start":{"line":35,"column":12},"end":{"line":38,"column":13}},"type":"if","locations":[{"start":{"line":35,"column":12},"end":{"line":38,"column":13}}]},"5":{"loc":{"start":{"line":73,"column":21},"end":{"line":73,"column":69}},"type":"cond-expr","locations":[{"start":{"line":73,"column":28},"end":{"line":73,"column":53}},{"start":{"line":73,"column":56},"end":{"line":73,"column":69}}]},"6":{"loc":{"start":{"line":76,"column":13},"end":{"line":83,"column":null}},"type":"binary-expr","locations":[{"start":{"line":76,"column":13},"end":{"line":76,"column":27}},{"start":{"line":77,"column":16},"end":{"line":82,"column":null}}]},"7":{"loc":{"start":{"line":78,"column":27},"end":{"line":78,"column":50}},"type":"binary-expr","locations":[{"start":{"line":78,"column":27},"end":{"line":78,"column":31}},{"start":{"line":78,"column":35},"end":{"line":78,"column":50}}]},"8":{"loc":{"start":{"line":87,"column":21},"end":{"line":87,"column":69}},"type":"cond-expr","locations":[{"start":{"line":87,"column":28},"end":{"line":87,"column":53}},{"start":{"line":87,"column":56},"end":{"line":87,"column":69}}]},"9":{"loc":{"start":{"line":90,"column":13},"end":{"line":97,"column":null}},"type":"binary-expr","locations":[{"start":{"line":90,"column":13},"end":{"line":90,"column":27}},{"start":{"line":91,"column":16},"end":{"line":96,"column":null}}]},"10":{"loc":{"start":{"line":92,"column":27},"end":{"line":92,"column":50}},"type":"binary-expr","locations":[{"start":{"line":92,"column":27},"end":{"line":92,"column":31}},{"start":{"line":92,"column":35},"end":{"line":92,"column":50}}]},"11":{"loc":{"start":{"line":95,"column":33},"end":{"line":95,"column":125}},"type":"cond-expr","locations":[{"start":{"line":95,"column":98},"end":{"line":95,"column":113}},{"start":{"line":95,"column":116},"end":{"line":95,"column":125}}]},"12":{"loc":{"start":{"line":95,"column":33},"end":{"line":95,"column":95}},"type":"binary-expr","locations":[{"start":{"line":95,"column":33},"end":{"line":95,"column":37}},{"start":{"line":95,"column":41},"end":{"line":95,"column":95}}]}},"s":{"0":0,"1":0,"2":0,"3":0,"4":0,"5":0,"6":0,"7":0,"8":0,"9":0,"10":0,"11":0,"12":0,"13":0,"14":0,"15":0,"16":0,"17":0,"18":0,"19":0,"20":0,"21":0,"22":0,"23":0,"24":0,"25":0,"26":0,"27":0,"28":0,"29":0,"30":0,"31":0,"32":0,"33":0,"34":0,"35":0,"36":0,"37":0,"38":0,"39":0,"40":0,"41":0,"42":0,"43":0,"44":0,"45":0,"46":0,"47":0,"48":0,"49":0,"50":0},"f":{"0":0,"1":0,"2":0,"3":0,"4":0,"5":0,"6":0,"7":0,"8":0,"9":0},"b":{"0":[0,0],"1":[0,0],"2":[0,0],"3":[0,0],"4":[0],"5":[0,0],"6":[0,0],"7":[0,0],"8":[0,0],"9":[0,0],"10":[0,0],"11":[0,0],"12":[0,0]}}
,"/Users/isabelwang/Desktop/LetsEat/LetsEat/app/(eatrequests)/openjio.tsx": {"path":"/Users/isabelwang/Desktop/LetsEat/LetsEat/app/(eatrequests)/openjio.tsx","statementMap":{"0":{"start":{"line":1,"column":0},"end":{"line":1,"column":51}},"1":{"start":{"line":2,"column":0},"end":{"line":2,"column":135}},"2":{"start":{"line":3,"column":0},"end":{"line":3,"column":40}},"3":{"start":{"line":4,"column":0},"end":{"line":4,"column":60}},"4":{"start":{"line":5,"column":0},"end":{"line":5,"column":51}},"5":{"start":{"line":6,"column":0},"end":{"line":6,"column":37}},"6":{"start":{"line":16,"column":22},"end":{"line":242,"column":1}},"7":{"start":{"line":17,"column":42},"end":{"line":17,"column":54}},"8":{"start":{"line":18,"column":34},"end":{"line":18,"column":54}},"9":{"start":{"line":19,"column":50},"end":{"line":19,"column":70}},"10":{"start":{"line":20,"column":64},"end":{"line":20,"column":84}},"11":{"start":{"line":21,"column":62},"end":{"line":21,"column":82}},"12":{"start":{"line":22,"column":80},"end":{"line":22,"column":100}},"13":{"start":{"line":23,"column":78},"end":{"line":23,"column":98}},"14":{"start":{"line":24,"column":46},"end":{"line":24,"column":66}},"15":{"start":{"line":25,"column":66},"end":{"line":25,"column":81}},"16":{"start":{"line":26,"column":50},"end":{"line":26,"column":65}},"17":{"start":{"line":27,"column":48},"end":{"line":27,"column":63}},"18":{"start":{"line":28,"column":42},"end":{"line":28,"column":54}},"19":{"start":{"line":29,"column":40},"end":{"line":29,"column":52}},"20":{"start":{"line":31,"column":4},"end":{"line":98,"column":11}},"21":{"start":{"line":32,"column":21},"end":{"line":32,"column":30}},"22":{"start":{"line":33,"column":28},"end":{"line":33,"column":44}},"23":{"start":{"line":34,"column":8},"end":{"line":34,"column":33}},"24":{"start":{"line":34,"column":26},"end":{"line":34,"column":33}},"25":{"start":{"line":36,"column":27},"end":{"line":36,"column":83}},"26":{"start":{"line":37,"column":8},"end":{"line":53,"column":11}},"27":{"start":{"line":38,"column":25},"end":{"line":38,"column":39}},"28":{"start":{"line":39,"column":12},"end":{"line":52,"column":13}},"29":{"start":{"line":40,"column":36},"end":{"line":46,"column":19}},"30":{"start":{"line":40,"column":66},"end":{"line":46,"column":18}},"31":{"start":{"line":47,"column":16},"end":{"line":47,"column":40}},"32":{"start":{"line":48,"column":16},"end":{"line":48,"column":48}},"33":{"start":{"line":50,"column":16},"end":{"line":50,"column":31}},"34":{"start":{"line":51,"column":16},"end":{"line":51,"column":39}},"35":{"start":{"line":55,"column":24},"end":{"line":55,"column":68}},"36":{"start":{"line":56,"column":8},"end":{"line":97,"column":11}},"37":{"start":{"line":57,"column":29},"end":{"line":57,"column":43}},"38":{"start":{"line":58,"column":12},"end":{"line":96,"column":13}},"39":{"start":{"line":59,"column":32},"end":{"line":59,"column":48}},"40":{"start":{"line":60,"column":43},"end":{"line":60,"column":70}},"41":{"start":{"line":61,"column":16},"end":{"line":61,"column":40}},"42":{"start":{"line":62,"column":16},"end":{"line":62,"column":50}},"43":{"start":{"line":64,"column":36},"end":{"line":64,"column":61}},"44":{"start":{"line":65,"column":16},"end":{"line":95,"column":19}},"45":{"start":{"line":66,"column":41},"end":{"line":66,"column":58}},"46":{"start":{"line":67,"column":20},"end":{"line":94,"column":21}},"47":{"start":{"line":68,"column":41},"end":{"line":74,"column":27}},"48":{"start":{"line":68,"column":79},"end":{"line":74,"column":26}},"49":{"start":{"line":76,"column":41},"end":{"line":76,"column":100}},"50":{"start":{"line":76,"column":58},"end":{"line":76,"column":100}},"51":{"start":{"line":76,"column":81},"end":{"line":76,"column":99}},"52":{"start":{"line":78,"column":56},"end":{"line":81,"column":null}},"53":{"start":{"line":79,"column":28},"end":{"line":81,"column":56}},"54":{"start":{"line":84,"column":55},"end":{"line":87,"column":null}},"55":{"start":{"line":85,"column":28},"end":{"line":87,"column":56}},"56":{"start":{"line":90,"column":24},"end":{"line":90,"column":75}},"57":{"start":{"line":91,"column":24},"end":{"line":91,"column":83}},"58":{"start":{"line":92,"column":24},"end":{"line":92,"column":73}},"59":{"start":{"line":93,"column":24},"end":{"line":93,"column":81}},"60":{"start":{"line":101,"column":25},"end":{"line":123,"column":5}},"61":{"start":{"line":102,"column":8},"end":{"line":102,"column":30}},"62":{"start":{"line":103,"column":8},"end":{"line":108,"column":9}},"63":{"start":{"line":104,"column":12},"end":{"line":104,"column":40}},"64":{"start":{"line":105,"column":12},"end":{"line":105,"column":70}},"65":{"start":{"line":106,"column":12},"end":{"line":106,"column":68}},"66":{"start":{"line":107,"column":12},"end":{"line":107,"column":19}},"67":{"start":{"line":109,"column":32},"end":{"line":110,"column":null}},"68":{"start":{"line":110,"column":12},"end":{"line":110,"column":71}},"69":{"start":{"line":112,"column":8},"end":{"line":112,"column":44}},"70":{"start":{"line":114,"column":32},"end":{"line":115,"column":null}},"71":{"start":{"line":115,"column":12},"end":{"line":115,"column":69}},"72":{"start":{"line":117,"column":8},"end":{"line":117,"column":59}},"73":{"start":{"line":119,"column":31},"end":{"line":120,"column":null}},"74":{"start":{"line":120,"column":12},"end":{"line":120,"column":69}},"75":{"start":{"line":122,"column":8},"end":{"line":122,"column":57}},"76":{"start":{"line":126,"column":28},"end":{"line":132,"column":5}},"77":{"start":{"line":127,"column":8},"end":{"line":131,"column":9}},"78":{"start":{"line":127,"column":47},"end":{"line":127,"column":76}},"79":{"start":{"line":128,"column":12},"end":{"line":128,"column":98}},"80":{"start":{"line":128,"column":66},"end":{"line":128,"column":95}},"81":{"start":{"line":130,"column":12},"end":{"line":130,"column":55}},"82":{"start":{"line":135,"column":32},"end":{"line":159,"column":5}},"83":{"start":{"line":136,"column":21},"end":{"line":136,"column":30}},"84":{"start":{"line":137,"column":28},"end":{"line":137,"column":44}},"85":{"start":{"line":138,"column":8},"end":{"line":138,"column":33}},"86":{"start":{"line":138,"column":26},"end":{"line":138,"column":33}},"87":{"start":{"line":140,"column":8},"end":{"line":158,"column":9}},"88":{"start":{"line":141,"column":29},"end":{"line":150,"column":14}},"89":{"start":{"line":142,"column":35},"end":{"line":142,"column":88}},"90":{"start":{"line":143,"column":38},"end":{"line":143,"column":54}},"91":{"start":{"line":144,"column":16},"end":{"line":149,"column":19}},"92":{"start":{"line":152,"column":12},"end":{"line":152,"column":40}},"93":{"start":{"line":153,"column":12},"end":{"line":153,"column":63}},"94":{"start":{"line":154,"column":12},"end":{"line":154,"column":45}},"95":{"start":{"line":155,"column":12},"end":{"line":155,"column":33}},"96":{"start":{"line":157,"column":12},"end":{"line":157,"column":88}},"97":{"start":{"line":161,"column":23},"end":{"line":161,"column":104}},"98":{"start":{"line":161,"column":39},"end":{"line":161,"column":104}},"99":{"start":{"line":161,"column":74},"end":{"line":161,"column":103}},"100":{"start":{"line":163,"column":4},"end":{"line":241,"column":6}},"101":{"start":{"line":165,"column":71},"end":{"line":165,"column":84}},"102":{"start":{"line":178,"column":20},"end":{"line":182,"column":null}},"103":{"start":{"line":178,"column":90},"end":{"line":178,"column":113}},"104":{"start":{"line":188,"column":49},"end":{"line":188,"column":85}},"105":{"start":{"line":195,"column":28},"end":{"line":199,"column":null}},"106":{"start":{"line":195,"column":110},"end":{"line":195,"column":131}},"107":{"start":{"line":204,"column":49},"end":{"line":204,"column":83}},"108":{"start":{"line":211,"column":28},"end":{"line":215,"column":null}},"109":{"start":{"line":211,"column":110},"end":{"line":211,"column":131}},"110":{"start":{"line":232,"column":57},"end":{"line":232,"column":90}},"111":{"start":{"line":244,"column":15},"end":{"line":383,"column":2}},"112":{"start":{"line":385,"column":0},"end":{"line":385,"column":29}}},"fnMap":{"0":{"name":"(anonymous_6)","decl":{"start":{"line":16,"column":22},"end":{"line":16,"column":25}},"loc":{"start":{"line":16,"column":27},"end":{"line":242,"column":1}}},"1":{"name":"(anonymous_7)","decl":{"start":{"line":31,"column":14},"end":{"line":31,"column":17}},"loc":{"start":{"line":31,"column":19},"end":{"line":98,"column":5}}},"2":{"name":"(anonymous_8)","decl":{"start":{"line":37,"column":28},"end":{"line":37,"column":29}},"loc":{"start":{"line":37,"column":41},"end":{"line":53,"column":9}}},"3":{"name":"(anonymous_9)","decl":{"start":{"line":40,"column":58},"end":{"line":40,"column":61}},"loc":{"start":{"line":40,"column":66},"end":{"line":46,"column":18}}},"4":{"name":"(anonymous_10)","decl":{"start":{"line":56,"column":25},"end":{"line":56,"column":26}},"loc":{"start":{"line":56,"column":38},"end":{"line":97,"column":9}}},"5":{"name":"(anonymous_11)","decl":{"start":{"line":65,"column":37},"end":{"line":65,"column":38}},"loc":{"start":{"line":65,"column":53},"end":{"line":95,"column":17}}},"6":{"name":"(anonymous_12)","decl":{"start":{"line":68,"column":71},"end":{"line":68,"column":74}},"loc":{"start":{"line":68,"column":79},"end":{"line":74,"column":26}}},"7":{"name":"(anonymous_13)","decl":{"start":{"line":76,"column":41},"end":{"line":76,"column":42}},"loc":{"start":{"line":76,"column":58},"end":{"line":76,"column":100}}},"8":{"name":"(anonymous_14)","decl":{"start":{"line":76,"column":71},"end":{"line":76,"column":77}},"loc":{"start":{"line":76,"column":81},"end":{"line":76,"column":99}}},"9":{"name":"(anonymous_15)","decl":{"start":{"line":78,"column":72},"end":{"line":78,"column":76}},"loc":{"start":{"line":79,"column":28},"end":{"line":81,"column":56}}},"10":{"name":"(anonymous_16)","decl":{"start":{"line":84,"column":71},"end":{"line":84,"column":75}},"loc":{"start":{"line":85,"column":28},"end":{"line":87,"column":56}}},"11":{"name":"(anonymous_17)","decl":{"start":{"line":101,"column":25},"end":{"line":101,"column":26}},"loc":{"start":{"line":101,"column":43},"end":{"line":123,"column":5}}},"12":{"name":"(anonymous_18)","decl":{"start":{"line":109,"column":47},"end":{"line":109,"column":48}},"loc":{"start":{"line":110,"column":12},"end":{"line":110,"column":71}}},"13":{"name":"(anonymous_19)","decl":{"start":{"line":114,"column":62},"end":{"line":114,"column":63}},"loc":{"start":{"line":115,"column":12},"end":{"line":115,"column":69}}},"14":{"name":"(anonymous_20)","decl":{"start":{"line":119,"column":60},"end":{"line":119,"column":61}},"loc":{"start":{"line":120,"column":12},"end":{"line":120,"column":69}}},"15":{"name":"(anonymous_21)","decl":{"start":{"line":126,"column":28},"end":{"line":126,"column":29}},"loc":{"start":{"line":126,"column":43},"end":{"line":132,"column":5}}},"16":{"name":"(anonymous_22)","decl":{"start":{"line":127,"column":31},"end":{"line":127,"column":43}},"loc":{"start":{"line":127,"column":47},"end":{"line":127,"column":76}}},"17":{"name":"(anonymous_23)","decl":{"start":{"line":128,"column":50},"end":{"line":128,"column":62}},"loc":{"start":{"line":128,"column":66},"end":{"line":128,"column":95}}},"18":{"name":"(anonymous_24)","decl":{"start":{"line":135,"column":32},"end":{"line":135,"column":37}},"loc":{"start":{"line":135,"column":43},"end":{"line":159,"column":5}}},"19":{"name":"(anonymous_25)","decl":{"start":{"line":141,"column":47},"end":{"line":141,"column":51}},"loc":{"start":{"line":141,"column":54},"end":{"line":150,"column":13}}},"20":{"name":"(anonymous_26)","decl":{"start":{"line":161,"column":23},"end":{"line":161,"column":24}},"loc":{"start":{"line":161,"column":39},"end":{"line":161,"column":104}}},"21":{"name":"(anonymous_27)","decl":{"start":{"line":161,"column":58},"end":{"line":161,"column":70}},"loc":{"start":{"line":161,"column":74},"end":{"line":161,"column":103}}},"22":{"name":"(anonymous_28)","decl":{"start":{"line":165,"column":65},"end":{"line":165,"column":68}},"loc":{"start":{"line":165,"column":71},"end":{"line":165,"column":84}}},"23":{"name":"(anonymous_29)","decl":{"start":{"line":177,"column":37},"end":{"line":177,"column":38}},"loc":{"start":{"line":178,"column":20},"end":{"line":182,"column":null}}},"24":{"name":"(anonymous_30)","decl":{"start":{"line":178,"column":84},"end":{"line":178,"column":87}},"loc":{"start":{"line":178,"column":90},"end":{"line":178,"column":113}}},"25":{"name":"(anonymous_31)","decl":{"start":{"line":188,"column":43},"end":{"line":188,"column":46}},"loc":{"start":{"line":188,"column":49},"end":{"line":188,"column":85}}},"26":{"name":"(anonymous_32)","decl":{"start":{"line":194,"column":60},"end":{"line":194,"column":61}},"loc":{"start":{"line":195,"column":28},"end":{"line":199,"column":null}}},"27":{"name":"(anonymous_33)","decl":{"start":{"line":195,"column":104},"end":{"line":195,"column":107}},"loc":{"start":{"line":195,"column":110},"end":{"line":195,"column":131}}},"28":{"name":"(anonymous_34)","decl":{"start":{"line":204,"column":43},"end":{"line":204,"column":46}},"loc":{"start":{"line":204,"column":49},"end":{"line":204,"column":83}}},"29":{"name":"(anonymous_35)","decl":{"start":{"line":210,"column":59},"end":{"line":210,"column":60}},"loc":{"start":{"line":211,"column":28},"end":{"line":215,"column":null}}},"30":{"name":"(anonymous_36)","decl":{"start":{"line":211,"column":104},"end":{"line":211,"column":107}},"loc":{"start":{"line":211,"column":110},"end":{"line":211,"column":131}}},"31":{"name":"(anonymous_37)","decl":{"start":{"line":232,"column":51},"end":{"line":232,"column":54}},"loc":{"start":{"line":232,"column":57},"end":{"line":232,"column":90}}}},"branchMap":{"0":{"loc":{"start":{"line":34,"column":8},"end":{"line":34,"column":33}},"type":"if","locations":[{"start":{"line":34,"column":8},"end":{"line":34,"column":33}}]},"1":{"loc":{"start":{"line":39,"column":12},"end":{"line":52,"column":13}},"type":"if","locations":[{"start":{"line":39,"column":12},"end":{"line":52,"column":13}},{"start":{"line":49,"column":19},"end":{"line":52,"column":13}}]},"2":{"loc":{"start":{"line":44,"column":29},"end":{"line":44,"column":52}},"type":"binary-expr","locations":[{"start":{"line":44,"column":29},"end":{"line":44,"column":46}},{"start":{"line":44,"column":50},"end":{"line":44,"column":52}}]},"3":{"loc":{"start":{"line":45,"column":40},"end":{"line":45,"column":74}},"type":"binary-expr","locations":[{"start":{"line":45,"column":40},"end":{"line":45,"column":68}},{"start":{"line":45,"column":72},"end":{"line":45,"column":74}}]},"4":{"loc":{"start":{"line":58,"column":12},"end":{"line":96,"column":13}},"type":"if","locations":[{"start":{"line":58,"column":12},"end":{"line":96,"column":13}}]},"5":{"loc":{"start":{"line":67,"column":20},"end":{"line":94,"column":21}},"type":"if","locations":[{"start":{"line":67,"column":20},"end":{"line":94,"column":21}}]},"6":{"loc":{"start":{"line":79,"column":28},"end":{"line":81,"column":56}},"type":"binary-expr","locations":[{"start":{"line":79,"column":28},"end":{"line":79,"column":52}},{"start":{"line":80,"column":28},"end":{"line":80,"column":47}},{"start":{"line":81,"column":28},"end":{"line":81,"column":56}}]},"7":{"loc":{"start":{"line":85,"column":28},"end":{"line":87,"column":56}},"type":"binary-expr","locations":[{"start":{"line":85,"column":28},"end":{"line":85,"column":74}},{"start":{"line":86,"column":28},"end":{"line":86,"column":47}},{"start":{"line":87,"column":28},"end":{"line":87,"column":56}}]},"8":{"loc":{"start":{"line":103,"column":8},"end":{"line":108,"column":9}},"type":"if","locations":[{"start":{"line":103,"column":8},"end":{"line":108,"column":9}}]},"9":{"loc":{"start":{"line":127,"column":8},"end":{"line":131,"column":9}},"type":"if","locations":[{"start":{"line":127,"column":8},"end":{"line":131,"column":9}},{"start":{"line":129,"column":15},"end":{"line":131,"column":9}}]},"10":{"loc":{"start":{"line":138,"column":8},"end":{"line":138,"column":33}},"type":"if","locations":[{"start":{"line":138,"column":8},"end":{"line":138,"column":33}}]},"11":{"loc":{"start":{"line":181,"column":69},"end":{"line":181,"column":106}},"type":"binary-expr","locations":[{"start":{"line":181,"column":69},"end":{"line":181,"column":87}},{"start":{"line":181,"column":91},"end":{"line":181,"column":106}}]},"12":{"loc":{"start":{"line":192,"column":17},"end":{"line":202,"column":null}},"type":"binary-expr","locations":[{"start":{"line":192,"column":17},"end":{"line":192,"column":32}},{"start":{"line":193,"column":20},"end":{"line":201,"column":null}}]},"13":{"loc":{"start":{"line":198,"column":77},"end":{"line":198,"column":112}},"type":"binary-expr","locations":[{"start":{"line":198,"column":77},"end":{"line":198,"column":93}},{"start":{"line":198,"column":97},"end":{"line":198,"column":112}}]},"14":{"loc":{"start":{"line":208,"column":17},"end":{"line":218,"column":null}},"type":"binary-expr","locations":[{"start":{"line":208,"column":17},"end":{"line":208,"column":31}},{"start":{"line":209,"column":20},"end":{"line":217,"column":null}}]},"15":{"loc":{"start":{"line":214,"column":77},"end":{"line":214,"column":112}},"type":"binary-expr","locations":[{"start":{"line":214,"column":77},"end":{"line":214,"column":93}},{"start":{"line":214,"column":97},"end":{"line":214,"column":112}}]},"16":{"loc":{"start":{"line":221,"column":13},"end":{"line":229,"column":null}},"type":"binary-expr","locations":[{"start":{"line":221,"column":13},"end":{"line":221,"column":37}},{"start":{"line":222,"column":16},"end":{"line":228,"column":null}}]}},"s":{"0":0,"1":0,"2":0,"3":0,"4":0,"5":0,"6":0,"7":0,"8":0,"9":0,"10":0,"11":0,"12":0,"13":0,"14":0,"15":0,"16":0,"17":0,"18":0,"19":0,"20":0,"21":0,"22":0,"23":0,"24":0,"25":0,"26":0,"27":0,"28":0,"29":0,"30":0,"31":0,"32":0,"33":0,"34":0,"35":0,"36":0,"37":0,"38":0,"39":0,"40":0,"41":0,"42":0,"43":0,"44":0,"45":0,"46":0,"47":0,"48":0,"49":0,"50":0,"51":0,"52":0,"53":0,"54":0,"55":0,"56":0,"57":0,"58":0,"59":0,"60":0,"61":0,"62":0,"63":0,"64":0,"65":0,"66":0,"67":0,"68":0,"69":0,"70":0,"71":0,"72":0,"73":0,"74":0,"75":0,"76":0,"77":0,"78":0,"79":0,"80":0,"81":0,"82":0,"83":0,"84":0,"85":0,"86":0,"87":0,"88":0,"89":0,"90":0,"91":0,"92":0,"93":0,"94":0,"95":0,"96":0,"97":0,"98":0,"99":0,"100":0,"101":0,"102":0,"103":0,"104":0,"105":0,"106":0,"107":0,"108":0,"109":0,"110":0,"111":0,"112":0},"f":{"0":0,"1":0,"2":0,"3":0,"4":0,"5":0,"6":0,"7":0,"8":0,"9":0,"10":0,"11":0,"12":0,"13":0,"14":0,"15":0,"16":0,"17":0,"18":0,"19":0,"20":0,"21":0,"22":0,"23":0,"24":0,"25":0,"26":0,"27":0,"28":0,"29":0,"30":0,"31":0},"b":{"0":[0],"1":[0,0],"2":[0,0],"3":[0,0],"4":[0],"5":[0],"6":[0,0,0],"7":[0,0,0],"8":[0],"9":[0,0],"10":[0],"11":[0,0],"12":[0,0],"13":[0,0],"14":[0,0],"15":[0,0],"16":[0,0]}}
,"/Users/isabelwang/Desktop/LetsEat/LetsEat/app/(eatrequests)/takeaway.tsx": {"path":"/Users/isabelwang/Desktop/LetsEat/LetsEat/app/(eatrequests)/takeaway.tsx","statementMap":{"0":{"start":{"line":1,"column":0},"end":{"line":1,"column":51}},"1":{"start":{"line":2,"column":0},"end":{"line":2,"column":135}},"2":{"start":{"line":3,"column":0},"end":{"line":3,"column":40}},"3":{"start":{"line":4,"column":0},"end":{"line":4,"column":60}},"4":{"start":{"line":5,"column":0},"end":{"line":5,"column":40}},"5":{"start":{"line":6,"column":0},"end":{"line":6,"column":43}},"6":{"start":{"line":7,"column":0},"end":{"line":7,"column":51}},"7":{"start":{"line":37,"column":23},"end":{"line":184,"column":1}},"8":{"start":{"line":38,"column":42},"end":{"line":38,"column":54}},"9":{"start":{"line":39,"column":34},"end":{"line":39,"column":56}},"10":{"start":{"line":40,"column":50},"end":{"line":40,"column":72}},"11":{"start":{"line":41,"column":50},"end":{"line":41,"column":72}},"12":{"start":{"line":42,"column":48},"end":{"line":42,"column":77}},"13":{"start":{"line":43,"column":66},"end":{"line":43,"column":81}},"14":{"start":{"line":44,"column":19},"end":{"line":44,"column":30}},"15":{"start":{"line":46,"column":4},"end":{"line":67,"column":11}},"16":{"start":{"line":47,"column":21},"end":{"line":47,"column":30}},"17":{"start":{"line":48,"column":28},"end":{"line":48,"column":44}},"18":{"start":{"line":49,"column":8},"end":{"line":49,"column":33}},"19":{"start":{"line":49,"column":26},"end":{"line":49,"column":33}},"20":{"start":{"line":51,"column":27},"end":{"line":51,"column":83}},"21":{"start":{"line":52,"column":8},"end":{"line":66,"column":11}},"22":{"start":{"line":53,"column":25},"end":{"line":53,"column":39}},"23":{"start":{"line":54,"column":12},"end":{"line":65,"column":13}},"24":{"start":{"line":55,"column":36},"end":{"line":59,"column":19}},"25":{"start":{"line":55,"column":66},"end":{"line":59,"column":18}},"26":{"start":{"line":60,"column":16},"end":{"line":60,"column":40}},"27":{"start":{"line":61,"column":16},"end":{"line":61,"column":48}},"28":{"start":{"line":63,"column":16},"end":{"line":63,"column":31}},"29":{"start":{"line":64,"column":16},"end":{"line":64,"column":39}},"30":{"start":{"line":70,"column":25},"end":{"line":80,"column":5}},"31":{"start":{"line":71,"column":8},"end":{"line":71,"column":30}},"32":{"start":{"line":72,"column":8},"end":{"line":75,"column":9}},"33":{"start":{"line":73,"column":12},"end":{"line":73,"column":40}},"34":{"start":{"line":74,"column":12},"end":{"line":74,"column":19}},"35":{"start":{"line":76,"column":25},"end":{"line":77,"column":null}},"36":{"start":{"line":77,"column":12},"end":{"line":77,"column":71}},"37":{"start":{"line":79,"column":8},"end":{"line":79,"column":37}},"38":{"start":{"line":83,"column":30},"end":{"line":89,"column":5}},"39":{"start":{"line":84,"column":8},"end":{"line":88,"column":9}},"40":{"start":{"line":84,"column":45},"end":{"line":84,"column":72}},"41":{"start":{"line":85,"column":12},"end":{"line":85,"column":96}},"42":{"start":{"line":85,"column":66},"end":{"line":85,"column":93}},"43":{"start":{"line":87,"column":12},"end":{"line":87,"column":61}},"44":{"start":{"line":92,"column":33},"end":{"line":123,"column":5}},"45":{"start":{"line":93,"column":8},"end":{"line":96,"column":9}},"46":{"start":{"line":94,"column":12},"end":{"line":94,"column":46}},"47":{"start":{"line":95,"column":12},"end":{"line":95,"column":19}},"48":{"start":{"line":98,"column":21},"end":{"line":98,"column":30}},"49":{"start":{"line":99,"column":28},"end":{"line":99,"column":44}},"50":{"start":{"line":100,"column":8},"end":{"line":100,"column":33}},"51":{"start":{"line":100,"column":26},"end":{"line":100,"column":33}},"52":{"start":{"line":102,"column":8},"end":{"line":122,"column":9}},"53":{"start":{"line":103,"column":29},"end":{"line":113,"column":14}},"54":{"start":{"line":104,"column":35},"end":{"line":104,"column":91}},"55":{"start":{"line":105,"column":38},"end":{"line":105,"column":54}},"56":{"start":{"line":106,"column":16},"end":{"line":112,"column":19}},"57":{"start":{"line":115,"column":12},"end":{"line":115,"column":40}},"58":{"start":{"line":116,"column":12},"end":{"line":116,"column":63}},"59":{"start":{"line":117,"column":12},"end":{"line":117,"column":45}},"60":{"start":{"line":118,"column":12},"end":{"line":118,"column":35}},"61":{"start":{"line":119,"column":12},"end":{"line":119,"column":36}},"62":{"start":{"line":121,"column":12},"end":{"line":121,"column":88}},"63":{"start":{"line":125,"column":23},"end":{"line":125,"column":104}},"64":{"start":{"line":125,"column":43},"end":{"line":125,"column":104}},"65":{"start":{"line":125,"column":76},"end":{"line":125,"column":103}},"66":{"start":{"line":127,"column":4},"end":{"line":183,"column":6}},"67":{"start":{"line":129,"column":71},"end":{"line":129,"column":84}},"68":{"start":{"line":141,"column":20},"end":{"line":145,"column":null}},"69":{"start":{"line":141,"column":90},"end":{"line":141,"column":115}},"70":{"start":{"line":154,"column":28},"end":{"line":159,"column":null}},"71":{"start":{"line":157,"column":47},"end":{"line":157,"column":72}},"72":{"start":{"line":172,"column":57},"end":{"line":172,"column":90}},"73":{"start":{"line":175,"column":61},"end":{"line":175,"column":94}},"74":{"start":{"line":186,"column":15},"end":{"line":319,"column":2}},"75":{"start":{"line":321,"column":0},"end":{"line":321,"column":30}}},"fnMap":{"0":{"name":"(anonymous_7)","decl":{"start":{"line":37,"column":23},"end":{"line":37,"column":26}},"loc":{"start":{"line":37,"column":28},"end":{"line":184,"column":1}}},"1":{"name":"(anonymous_8)","decl":{"start":{"line":46,"column":14},"end":{"line":46,"column":17}},"loc":{"start":{"line":46,"column":19},"end":{"line":67,"column":5}}},"2":{"name":"(anonymous_9)","decl":{"start":{"line":52,"column":28},"end":{"line":52,"column":29}},"loc":{"start":{"line":52,"column":41},"end":{"line":66,"column":9}}},"3":{"name":"(anonymous_10)","decl":{"start":{"line":55,"column":58},"end":{"line":55,"column":61}},"loc":{"start":{"line":55,"column":66},"end":{"line":59,"column":18}}},"4":{"name":"(anonymous_11)","decl":{"start":{"line":70,"column":25},"end":{"line":70,"column":26}},"loc":{"start":{"line":70,"column":43},"end":{"line":80,"column":5}}},"5":{"name":"(anonymous_12)","decl":{"start":{"line":76,"column":40},"end":{"line":76,"column":41}},"loc":{"start":{"line":77,"column":12},"end":{"line":77,"column":71}}},"6":{"name":"(anonymous_13)","decl":{"start":{"line":83,"column":30},"end":{"line":83,"column":31}},"loc":{"start":{"line":83,"column":49},"end":{"line":89,"column":5}}},"7":{"name":"(anonymous_14)","decl":{"start":{"line":84,"column":33},"end":{"line":84,"column":41}},"loc":{"start":{"line":84,"column":45},"end":{"line":84,"column":72}}},"8":{"name":"(anonymous_15)","decl":{"start":{"line":85,"column":54},"end":{"line":85,"column":62}},"loc":{"start":{"line":85,"column":66},"end":{"line":85,"column":93}}},"9":{"name":"(anonymous_16)","decl":{"start":{"line":92,"column":33},"end":{"line":92,"column":38}},"loc":{"start":{"line":92,"column":44},"end":{"line":123,"column":5}}},"10":{"name":"(anonymous_17)","decl":{"start":{"line":103,"column":49},"end":{"line":103,"column":55}},"loc":{"start":{"line":103,"column":58},"end":{"line":113,"column":13}}},"11":{"name":"(anonymous_18)","decl":{"start":{"line":125,"column":23},"end":{"line":125,"column":24}},"loc":{"start":{"line":125,"column":43},"end":{"line":125,"column":104}}},"12":{"name":"(anonymous_19)","decl":{"start":{"line":125,"column":64},"end":{"line":125,"column":72}},"loc":{"start":{"line":125,"column":76},"end":{"line":125,"column":103}}},"13":{"name":"(anonymous_20)","decl":{"start":{"line":129,"column":65},"end":{"line":129,"column":68}},"loc":{"start":{"line":129,"column":71},"end":{"line":129,"column":84}}},"14":{"name":"(anonymous_21)","decl":{"start":{"line":140,"column":37},"end":{"line":140,"column":38}},"loc":{"start":{"line":141,"column":20},"end":{"line":145,"column":null}}},"15":{"name":"(anonymous_22)","decl":{"start":{"line":141,"column":84},"end":{"line":141,"column":87}},"loc":{"start":{"line":141,"column":90},"end":{"line":141,"column":115}}},"16":{"name":"(anonymous_23)","decl":{"start":{"line":153,"column":38},"end":{"line":153,"column":39}},"loc":{"start":{"line":154,"column":28},"end":{"line":159,"column":null}}},"17":{"name":"(anonymous_24)","decl":{"start":{"line":157,"column":41},"end":{"line":157,"column":44}},"loc":{"start":{"line":157,"column":47},"end":{"line":157,"column":72}}},"18":{"name":"(anonymous_25)","decl":{"start":{"line":172,"column":51},"end":{"line":172,"column":54}},"loc":{"start":{"line":172,"column":57},"end":{"line":172,"column":90}}},"19":{"name":"(anonymous_26)","decl":{"start":{"line":175,"column":55},"end":{"line":175,"column":58}},"loc":{"start":{"line":175,"column":61},"end":{"line":175,"column":94}}}},"branchMap":{"0":{"loc":{"start":{"line":49,"column":8},"end":{"line":49,"column":33}},"type":"if","locations":[{"start":{"line":49,"column":8},"end":{"line":49,"column":33}}]},"1":{"loc":{"start":{"line":54,"column":12},"end":{"line":65,"column":13}},"type":"if","locations":[{"start":{"line":54,"column":12},"end":{"line":65,"column":13}},{"start":{"line":62,"column":19},"end":{"line":65,"column":13}}]},"2":{"loc":{"start":{"line":72,"column":8},"end":{"line":75,"column":9}},"type":"if","locations":[{"start":{"line":72,"column":8},"end":{"line":75,"column":9}}]},"3":{"loc":{"start":{"line":84,"column":8},"end":{"line":88,"column":9}},"type":"if","locations":[{"start":{"line":84,"column":8},"end":{"line":88,"column":9}},{"start":{"line":86,"column":15},"end":{"line":88,"column":9}}]},"4":{"loc":{"start":{"line":93,"column":8},"end":{"line":96,"column":9}},"type":"if","locations":[{"start":{"line":93,"column":8},"end":{"line":96,"column":9}}]},"5":{"loc":{"start":{"line":100,"column":8},"end":{"line":100,"column":33}},"type":"if","locations":[{"start":{"line":100,"column":8},"end":{"line":100,"column":33}}]},"6":{"loc":{"start":{"line":144,"column":69},"end":{"line":144,"column":106}},"type":"binary-expr","locations":[{"start":{"line":144,"column":69},"end":{"line":144,"column":87}},{"start":{"line":144,"column":91},"end":{"line":144,"column":106}}]},"7":{"loc":{"start":{"line":149,"column":13},"end":{"line":169,"column":null}},"type":"binary-expr","locations":[{"start":{"line":149,"column":13},"end":{"line":149,"column":39}},{"start":{"line":150,"column":16},"end":{"line":168,"column":null}}]},"8":{"loc":{"start":{"line":156,"column":59},"end":{"line":156,"column":116}},"type":"binary-expr","locations":[{"start":{"line":156,"column":59},"end":{"line":156,"column":91}},{"start":{"line":156,"column":95},"end":{"line":156,"column":116}}]}},"s":{"0":0,"1":0,"2":0,"3":0,"4":0,"5":0,"6":0,"7":0,"8":0,"9":0,"10":0,"11":0,"12":0,"13":0,"14":0,"15":0,"16":0,"17":0,"18":0,"19":0,"20":0,"21":0,"22":0,"23":0,"24":0,"25":0,"26":0,"27":0,"28":0,"29":0,"30":0,"31":0,"32":0,"33":0,"34":0,"35":0,"36":0,"37":0,"38":0,"39":0,"40":0,"41":0,"42":0,"43":0,"44":0,"45":0,"46":0,"47":0,"48":0,"49":0,"50":0,"51":0,"52":0,"53":0,"54":0,"55":0,"56":0,"57":0,"58":0,"59":0,"60":0,"61":0,"62":0,"63":0,"64":0,"65":0,"66":0,"67":0,"68":0,"69":0,"70":0,"71":0,"72":0,"73":0,"74":0,"75":0},"f":{"0":0,"1":0,"2":0,"3":0,"4":0,"5":0,"6":0,"7":0,"8":0,"9":0,"10":0,"11":0,"12":0,"13":0,"14":0,"15":0,"16":0,"17":0,"18":0,"19":0},"b":{"0":[0],"1":[0,0],"2":[0],"3":[0,0],"4":[0],"5":[0],"6":[0,0],"7":[0,0],"8":[0,0]}}
,"/Users/isabelwang/Desktop/LetsEat/LetsEat/app/(onboarding)/Onboarding.tsx": {"path":"/Users/isabelwang/Desktop/LetsEat/LetsEat/app/(onboarding)/Onboarding.tsx","statementMap":{"0":{"start":{"line":1,"column":0},"end":{"line":1,"column":null}},"1":{"start":{"line":11,"column":0},"end":{"line":11,"column":26}},"2":{"start":{"line":14,"column":0},"end":{"line":14,"column":56}},"3":{"start":{"line":15,"column":0},"end":{"line":15,"column":37}},"4":{"start":{"line":16,"column":0},"end":{"line":16,"column":37}},"5":{"start":{"line":18,"column":25},"end":{"line":48,"column":null}},"6":{"start":{"line":19,"column":2},"end":{"line":47,"column":null}},"7":{"start":{"line":21,"column":6},"end":{"line":21,"column":43}},"8":{"start":{"line":22,"column":6},"end":{"line":22,"column":26}},"9":{"start":{"line":25,"column":6},"end":{"line":25,"column":43}},"10":{"start":{"line":51,"column":0},"end":{"line":51,"column":32}},"11":{"start":{"line":53,"column":15},"end":{"line":53,"column":36}}},"fnMap":{"0":{"name":"(anonymous_1)","decl":{"start":{"line":18,"column":25},"end":{"line":18,"column":28}},"loc":{"start":{"line":19,"column":2},"end":{"line":47,"column":null}}},"1":{"name":"(anonymous_2)","decl":{"start":{"line":20,"column":12},"end":{"line":20,"column":15}},"loc":{"start":{"line":20,"column":17},"end":{"line":23,"column":5}}},"2":{"name":"(anonymous_3)","decl":{"start":{"line":24,"column":12},"end":{"line":24,"column":15}},"loc":{"start":{"line":24,"column":17},"end":{"line":26,"column":5}}}},"branchMap":{},"s":{"0":0,"1":0,"2":0,"3":0,"4":0,"5":0,"6":0,"7":0,"8":0,"9":0,"10":0,"11":0},"f":{"0":0,"1":0,"2":0},"b":{}}
,"/Users/isabelwang/Desktop/LetsEat/LetsEat/app/(onboarding)/_layout.tsx": {"path":"/Users/isabelwang/Desktop/LetsEat/LetsEat/app/(onboarding)/_layout.tsx","statementMap":{"0":{"start":{"line":1,"column":0},"end":{"line":1,"column":54}},"1":{"start":{"line":2,"column":0},"end":{"line":2,"column":26}},"2":{"start":{"line":3,"column":0},"end":{"line":3,"column":36}},"3":{"start":{"line":5,"column":25},"end":{"line":34,"column":1}},"4":{"start":{"line":6,"column":2},"end":{"line":33,"column":4}},"5":{"start":{"line":36,"column":0},"end":{"line":36,"column":32}},"6":{"start":{"line":38,"column":15},"end":{"line":38,"column":36}}},"fnMap":{"0":{"name":"(anonymous_1)","decl":{"start":{"line":5,"column":25},"end":{"line":5,"column":28}},"loc":{"start":{"line":5,"column":30},"end":{"line":34,"column":1}}}},"branchMap":{},"s":{"0":0,"1":0,"2":0,"3":0,"4":0,"5":0,"6":0},"f":{"0":0},"b":{}}
,"/Users/isabelwang/Desktop/LetsEat/LetsEat/app/(onboarding)/components/OtherInfo.tsx": {"path":"/Users/isabelwang/Desktop/LetsEat/LetsEat/app/(onboarding)/components/OtherInfo.tsx","statementMap":{"0":{"start":{"line":1,"column":0},"end":{"line":1,"column":79}},"1":{"start":{"line":2,"column":0},"end":{"line":2,"column":40}},"2":{"start":{"line":3,"column":0},"end":{"line":3,"column":62}},"3":{"start":{"line":4,"column":0},"end":{"line":4,"column":58}},"4":{"start":{"line":6,"column":0},"end":{"line":6,"column":57}},"5":{"start":{"line":7,"column":0},"end":{"line":7,"column":37}},"6":{"start":{"line":8,"column":0},"end":{"line":8,"column":57}},"7":{"start":{"line":9,"column":0},"end":{"line":9,"column":37}},"8":{"start":{"line":10,"column":0},"end":{"line":10,"column":54}},"9":{"start":{"line":12,"column":18},"end":{"line":177,"column":1}},"10":{"start":{"line":13,"column":32},"end":{"line":13,"column":44}},"11":{"start":{"line":14,"column":42},"end":{"line":14,"column":54}},"12":{"start":{"line":15,"column":54},"end":{"line":15,"column":66}},"13":{"start":{"line":16,"column":64},"end":{"line":16,"column":76}},"14":{"start":{"line":17,"column":32},"end":{"line":17,"column":46}},"15":{"start":{"line":20,"column":22},"end":{"line":32,"column":4}},"16":{"start":{"line":34,"column":32},"end":{"line":34,"column":47}},"17":{"start":{"line":37,"column":21},"end":{"line":54,"column":4}},"18":{"start":{"line":55,"column":34},"end":{"line":55,"column":49}},"19":{"start":{"line":57,"column":15},"end":{"line":57,"column":40}},"20":{"start":{"line":60,"column":21},"end":{"line":86,"column":3}},"21":{"start":{"line":61,"column":4},"end":{"line":61,"column":21}},"22":{"start":{"line":63,"column":4},"end":{"line":85,"column":5}},"23":{"start":{"line":64,"column":6},"end":{"line":84,"column":7}},"24":{"start":{"line":66,"column":24},"end":{"line":66,"column":61}},"25":{"start":{"line":67,"column":29},"end":{"line":67,"column":47}},"26":{"start":{"line":68,"column":25},"end":{"line":68,"column":43}},"27":{"start":{"line":69,"column":8},"end":{"line":69,"column":55}},"28":{"start":{"line":72,"column":8},"end":{"line":78,"column":11}},"29":{"start":{"line":80,"column":8},"end":{"line":80,"column":55}},"30":{"start":{"line":81,"column":8},"end":{"line":81,"column":26}},"31":{"start":{"line":83,"column":8},"end":{"line":83,"column":56}},"32":{"start":{"line":88,"column":2},"end":{"line":176,"column":4}},"33":{"start":{"line":120,"column":25},"end":{"line":120,"column":41}},"34":{"start":{"line":121,"column":24},"end":{"line":121,"column":41}},"35":{"start":{"line":123,"column":12},"end":{"line":123,"column":35}},"36":{"start":{"line":124,"column":12},"end":{"line":124,"column":40}},"37":{"start":{"line":125,"column":12},"end":{"line":125,"column":30}},"38":{"start":{"line":144,"column":25},"end":{"line":144,"column":42}},"39":{"start":{"line":145,"column":24},"end":{"line":145,"column":42}},"40":{"start":{"line":147,"column":12},"end":{"line":147,"column":46}},"41":{"start":{"line":148,"column":12},"end":{"line":148,"column":51}},"42":{"start":{"line":149,"column":12},"end":{"line":149,"column":31}},"43":{"start":{"line":159,"column":12},"end":{"line":159,"column":25}},"44":{"start":{"line":160,"column":12},"end":{"line":160,"column":43}},"45":{"start":{"line":161,"column":12},"end":{"line":161,"column":47}},"46":{"start":{"line":179,"column":0},"end":{"line":179,"column":25}},"47":{"start":{"line":181,"column":15},"end":{"line":297,"column":2}}},"fnMap":{"0":{"name":"(anonymous_7)","decl":{"start":{"line":12,"column":18},"end":{"line":12,"column":21}},"loc":{"start":{"line":12,"column":23},"end":{"line":177,"column":1}}},"1":{"name":"(anonymous_8)","decl":{"start":{"line":60,"column":21},"end":{"line":60,"column":26}},"loc":{"start":{"line":60,"column":32},"end":{"line":86,"column":3}}},"2":{"name":"(anonymous_9)","decl":{"start":{"line":120,"column":19},"end":{"line":120,"column":22}},"loc":{"start":{"line":120,"column":25},"end":{"line":120,"column":41}}},"3":{"name":"(anonymous_10)","decl":{"start":{"line":121,"column":18},"end":{"line":121,"column":21}},"loc":{"start":{"line":121,"column":24},"end":{"line":121,"column":41}}},"4":{"name":"(anonymous_11)","decl":{"start":{"line":122,"column":20},"end":{"line":122,"column":21}},"loc":{"start":{"line":122,"column":29},"end":{"line":126,"column":11}}},"5":{"name":"(anonymous_12)","decl":{"start":{"line":144,"column":19},"end":{"line":144,"column":22}},"loc":{"start":{"line":144,"column":25},"end":{"line":144,"column":42}}},"6":{"name":"(anonymous_13)","decl":{"start":{"line":145,"column":18},"end":{"line":145,"
[...]
,"/Users/isabelwang/Desktop/LetsEat/LetsEat/app/(tabs)/social/components/IncomingFriendReq.tsx": {"path":"/Users/isabelwang/Desktop/LetsEat/LetsEat/app/(tabs)/social/components/IncomingFriendReq.tsx","statementMap":{"0":{"start":{"line":1,"column":0},"end":{"line":1,"column":51}},"1":{"start":{"line":2,"column":0},"end":{"line":2,"column":91}},"2":{"start":{"line":3,"column":0},"end":{"line":3,"column":40}},"3":{"start":{"line":4,"column":0},"end":{"line":4,"column":70}},"4":{"start":{"line":5,"column":0},"end":{"line":5,"column":57}},"5":{"start":{"line":13,"column":26},"end":{"line":164,"column":1}},"6":{"start":{"line":14,"column":36},"end":{"line":14,"column":65}},"7":{"start":{"line":16,"column":4},"end":{"line":45,"column":11}},"8":{"start":{"line":17,"column":21},"end":{"line":17,"column":30}},"9":{"start":{"line":18,"column":28},"end":{"line":18,"column":44}},"10":{"start":{"line":19,"column":8},"end":{"line":19,"column":33}},"11":{"start":{"line":19,"column":26},"end":{"line":19,"column":33}},"12":{"start":{"line":22,"column":28},"end":{"line":22,"column":89}},"13":{"start":{"line":23,"column":8},"end":{"line":44,"column":11}},"14":{"start":{"line":24,"column":25},"end":{"line":24,"column":39}},"15":{"start":{"line":25,"column":12},"end":{"line":43,"column":13}},"16":{"start":{"line":26,"column":39},"end":{"line":26,"column":48}},"17":{"start":{"line":27,"column":42},"end":{"line":38,"column":73}},"18":{"start":{"line":28,"column":36},"end":{"line":28,"column":45}},"19":{"start":{"line":29,"column":20},"end":{"line":36,"column":21}},"20":{"start":{"line":30,"column":24},"end":{"line":30,"column":65}},"21":{"start":{"line":31,"column":24},"end":{"line":35,"column":26}},"22":{"start":{"line":37,"column":20},"end":{"line":37,"column":32}},"23":{"start":{"line":38,"column":37},"end":{"line":38,"column":53}},"24":{"start":{"line":40,"column":16},"end":{"line":40,"column":47}},"25":{"start":{"line":42,"column":16},"end":{"line":42,"column":32}},"26":{"start":{"line":47,"column":34},"end":{"line":55,"column":5}},"27":{"start":{"line":48,"column":24},"end":{"line":48,"column":60}},"28":{"start":{"line":49,"column":25},"end":{"line":49,"column":43}},"29":{"start":{"line":50,"column":8},"end":{"line":54,"column":9}},"30":{"start":{"line":51,"column":29},"end":{"line":51,"column":43}},"31":{"start":{"line":52,"column":33},"end":{"line":52,"column":59}},"32":{"start":{"line":53,"column":12},"end":{"line":53,"column":70}},"33":{"start":{"line":57,"column":32},"end":{"line":107,"column":5}},"34":{"start":{"line":58,"column":21},"end":{"line":58,"column":30}},"35":{"start":{"line":59,"column":28},"end":{"line":59,"column":44}},"36":{"start":{"line":60,"column":8},"end":{"line":60,"column":33}},"37":{"start":{"line":60,"column":26},"end":{"line":60,"column":33}},"38":{"start":{"line":62,"column":8},"end":{"line":106,"column":9}},"39":{"start":{"line":64,"column":35},"end":{"line":64,"column":79}},"40":{"start":{"line":65,"column":29},"end":{"line":65,"column":54}},"41":{"start":{"line":66,"column":12},"end":{"line":69,"column":13}},"42":{"start":{"line":67,"column":16},"end":{"line":67,"column":61}},"43":{"start":{"line":68,"column":16},"end":{"line":68,"column":23}},"44":{"start":{"line":71,"column":36},"end":{"line":71,"column":50}},"45":{"start":{"line":72,"column":36},"end":{"line":72,"column":60}},"46":{"start":{"line":75,"column":42},"end":{"line":75,"column":122}},"47":{"start":{"line":76,"column":12},"end":{"line":76,"column":120}},"48":{"start":{"line":79,"column":40},"end":{"line":79,"column":120}},"49":{"start":{"line":80,"column":12},"end":{"line":80,"column":103}},"50":{"start":{"line":83,"column":12},"end":{"line":83,"column":57}},"51":{"start":{"line":84,"column":12},"end":{"line":84,"column":62}},"52":{"start":{"line":87,"column":32},"end":{"line":87,"column":93}},"53":{"start":{"line":88,"column":36},"end":{"line":88,"column":58}},"54":{"start":{"line":89,"column":12},"end":{"line":98,"column":13}},"55":{"start":{"line":90,"column":16},"end":{"line":97,"column":19}},"56":{"start":{"line":91,"column":38},"end":{"line":91,"column":55}},"57":{"start":{"line":92,"column":40},"end":{"line":92,"column":59}},"58":{"start":{"line":93,"column":20},"end":{"line":96,"column":21}},"59":{"start":{"line":94,"column":51},"end":{"line":94,"column":125}},"60":{"start":{"line":95,"column":24},"end":{"line":95,"column":51}},"61":{"start":{"line":101,"column":12},"end":{"line":101,"column":111}},"62":{"start":{"line":101,"column":40},"end":{"line":101,"column":109}},"63":{"start":{"line":101,"column":67},"end":{"line":101,"column":108}},"64":{"start":{"line":103,"column":12},"end":{"line":103,"column":76}},"65":{"start":{"line":105,"column":12},"end":{"line":105,"column":87}},"66":{"start":{"line":109,"column":33},"end":{"line":136,"column":5}},"67":{"start":{"line":110,"column":21},"end":{"line":110,"column":30}},"68":{"start":{"line":111,"column":28},"end":{"line":111,"column":44}},"69":{"start":{"line":112,"column":8},"end":{"line":112,"column":33}},"70":{"start":{"line":112,"column":26},"end":{"line":112,"column":33}},"71":{"start":{"line":114,"column":8},"end":{"line":135,"column":9}},"72":{"start":{"line":116,"column":32},"end":{"line":116,"column":93}},"73":{"start":{"line":117,"column":29},"end":{"line":117,"column":51}},"74":{"start":{"line":118,"column":12},"end":{"line":127,"column":13}},"75":{"start":{"line":119,"column":16},"end":{"line":126,"column":19}},"76":{"start":{"line":120,"column":38},"end":{"line":120,"column":55}},"77":{"start":{"line":121,"column":40},"end":{"line":121,"column":59}},"78":{"start":{"line":122,"column":20},"end":{"line":125,"column":21}},"79":{"start":{"line":123,"column":51},"end":{"line":123,"column":125}},"80":{"start":{"line":124,"column":24},"end":{"line":124,"column":51}},"81":{"start":{"line":130,"column":12},"end":{"line":130,"column":111}},"82":{"start":{"line":130,"column":40},"end":{"line":130,"column":109}},"83":{"start":{"line":130,"column":67},"end":{"line":130,"column":108}},"84":{"start":{"line":132,"column":12},"end":{"line":132,"column":76}},"85":{"start":{"line":134,"column":12},"end":{"line":134,"column":87}},"86":{"start":{"line":138,"column":4},"end":{"line":163,"column":6}},"87":{"start":{"line":147,"column":28},"end":{"line":156,"column":null}},"88":{"start":{"line":150,"column":95},"end":{"line":150,"column":123}},"89":{"start":{"line":153,"column":95},"end":{"line":153,"column":124}},"90":{"start":{"line":166,"column":15},"end":{"line":211,"column":2}},"91":{"start":{"line":213,"column":0},"end":{"line":213,"column":33}}},"fnMap":{"0":{"name":"(anonymous_6)","decl":{"start":{"line":13,"column":26},"end":{"line":13,"column":29}},"loc":{"start":{"line":13,"column":31},"end":{"line":164,"column":1}}},"1":{"name":"(anonymous_7)","decl":{"start":{"line":16,"column":14},"end":{"line":16,"column":17}},"loc":{"start":{"line":16,"column":19},"end":{"line":45,"column":5}}},"2":{"name":"(anonymous_8)","decl":{"start":{"line":23,"column":29},"end":{"line":23,"column":30}},"loc":{"start":{"line":23,"column":42},"end":{"line":44,"column":9}}},"3":{"name":"(anonymous_9)","decl":{"start":{"line":27,"column":64},"end":{"line":27,"column":67}},"loc":{"start":{"line":27,"column":70},"end":{"line":38,"column":17}}},"4":{"name":"(anonymous_10)","decl":{"start":{"line":38,"column":26},"end":{"line":38,"column":33}},"loc":{"start":{"line":38,"column":37},"end":{"line":38,"column":53}}},"5":{"name":"(anonymous_11)","decl":{"start":{"line":47,"column":34},"end":{"line":47,"column":39}},"loc":{"start":{"line":47,"column":60},"end":{"line":55,"column":5}}},"6":{"name":"(anonymous_12)","decl":{"start":{"line":57,"column":32},"end":{"line":57,"column":37}},"loc":{"start":{"line":57,"column":65},"end":{"line":107,"column":5}}},"7":{"name":"(anonymous_13)","decl":{"start":{"line":90,"column":40},"end":{"line":90,"column":41}},"loc":{"start":{"line":90,"column":58},"end":{"line":97,"column":17}}},"8":{"name":"(anonymous_14)","decl":{"start":{"line":101,"column":24},"end":{"line":101,"column":36}},"loc":{"start":{"line":101,"column":40},"end":{"line":101,"column":109}}},"9":{"name":"(anonymous_15)","decl":{"start":{"line":101,"column":60},"end":{"line":101,"column":63}},"loc":{"start":{"line":101,"column":67},"end":{"line":101,"column":108}}},"10":{"name":"(anonymous_16)","decl":{"start":{"line":109,"column":33},"end":{"line":109,"column":38}},"loc":{"start":{"line":109,"column":66},"end":{"line":136,"column":5}}},"11":{"name":"(anonymous_17)","decl":{"start":{"line":119,"column":33},"end":{"line":119,"column":34}},"loc":{"start":{"line":119,"column":51},"end":{"line":126,"column":17}}},"12":{"name":"(anonymous_18)","decl":{"start":{"line":130,"column":24},"end":{"line":130,"column":36}},"loc":{"start":{"line":130,"column":40},"end":{"line":130,"column":109}}},"13":{"name":"(anonymous_19)","decl":{"start":{"line":130,"column":60},"end":{"line":130,"column":63}},"loc":{"start":{"line":130,"column":67},"end":{"line":130,"column":108}}},"14":{"name":"(anonymous_20)","decl":{"start":{"line":146,"column":38},"end":{"line":146,"column":39}},"loc":{"start":{"line":147,"column":28},"end":{"line":156,"column":null}}},"15":{"name":"(anonymous_21)","decl":{"start":{"line":150,"column":89},"end":{"line":150,"column":92}},"loc":{"start":{"line":150,"column":95},"end":{"line":150,"column":123}}},"16":{"name":"(anonymous_22)","decl":{"start":{"line":153,"column":89},"end":{"line":153,"column":92}},"loc":{"start":{"line":153,"column":95},"end":{"line":153,"column":124}}}},"branchMap":{"0":{"loc":{"start":{"line":19,"column":8},"end":{"line":19,"column":33}},"type":"if","locations":[{"start":{"line":19,"column":8},"end":{"line":19,"column":33}}]},"1":{"loc":{"start":{"line":25,"column":12},"end":{"line":43,"column":13}},"type":"if","locations":[{"start":{"line":25,"column":12},"end":{"line":43,"column":13}},{"start":{"line":41,"column":19},"end":{"line":43,"column":13}}]},"2":{"loc":{"start":{"line":29,"column":20},"end":{"line":36,"column":21}},"type":"if","locations":[{"start":{"line":29,"column":20},"end":{"line":36,"column":21}}]},"3":{"loc":{"start":{"line":50,"column":8},"end":{"line":54,"column":9}},"type":"if","locations":[{"start":{"line":50,"column":8},"end":{"line":54,"column":9}}]},"4":{"loc":{"start":{"line":52,"column":33},"end":{"line":52,"column":59}},"type":"binary-expr","locations":[{"start":{"line":52,"column":33},"end":{"line":52,"column":54}},{"start":{"line":52,"column":58},"end":{"line":52,"column":59}}]},"5":{"loc":{"start":{"line":60,"column":8},"end":{"line":60,"column":33}},"type":"if","locations":[{"start":{"line":60,"column":8},"end":{"line":60,"column":33}}]},"6":{"loc":{"start":{"line":66,"column":12},"end":{"line":69,"column":13}},"type":"if","locations":[{"start":{"line":66,"column":12},"end":{"line":69,"column":13}}]},"7":{"loc":{"start":{"line":89,"column":12},"end":{"line":98,"column":13}},"type":"if","locations":[{"start":{"line":89,"column":12},"end":{"line":98,"column":13}}]},"8":{"loc":{"start":{"line":93,"column":20},"end":{"line":96,"column":21}},"type":"if","locations":[{"start":{"line":93,"column":20},"end":{"line":96,"column":21}}]},"9":{"loc":{"start":{"line":112,"column":8},"end":{"line":112,"column":33}},"type":"if","locations":[{"start":{"line":112,"column":8},"end":{"line":112,"column":33}}]},"10":{"loc":{"start":{"line":118,"column":12},"end":{"line":127,"column":13}},"type":"if","locations":[{"start":{"line":118,"column":12},"end":{"line":127,"column":13}}]},"11":{"loc":{"start":{"line":122,"column":20},"end":{"line":125,"column":21}},"type":"if","locations":[{"start":{"line":122,"column":20},"end":{"line":125,"column":21}}]},"12":{"loc":{"start":{"line":142,"column":17},"end":{"line":159,"column":null}},"type":"cond-expr","locations":[{"start":{"line":143,"column":20},"end":{"line":143,"column":83}},{"start":{"line":145,"column":20},"end":{"line":158,"column":null}}]}},"s":{"0":0,"1":0,"2":0,"3":0,"4":0,"5":0,"6":0,"7":0,"8":0,"9":0,"10":0,"11":0,"12":0,"13":0,"14":0,"15":0,"16":0,"17":0,"18":0,"19":0,"20":0,"21":0,"22":0,"23":0,"24":0,"25":0,"26":0,"27":0,"28":0,"29":0,"30":0,"31":0,"32":0,"33":0,"34":0,"35":0,"36":0,"37":0,"38":0,"39":0,"40":0,"41":0,"42":0,"43":0,"44":0,"45":0,"46":0,"47":0,"48":0,"49":0,"50":0,"51":0,"52":0,"53":0,"54":0,"55":0,"56":0,"57":0,"58":0,"59":0,"60":0,"61":0,"62":0,"63":0,"64":0,"65":0,"66":0,"67":0,"68":0,"69":0,"70":0,"71":0,"72":0,"73":0,"74":0,"75":0,"76":0,"77":0,"78":0,"79":0,"80":0,"81":0,"82":0,"83":0,"84":0,"85":0,"86":0,"87":0,"88":0,"89":0,"90":0,"91":0},"f":{"0":0,"1":0,"2":0,"3":0,"4":0,"5":0,"6":0,"7":0,"8":0,"9":0,"10":0,"11":0,"12":0,"13":0,"14":0,"15":0,"16":0},"b":{"0":[0],"1":[0,0],"2":[0],"3":[0],"4":[0,0],"5":[0],"6":[0],"7":[0],"8":[0],"9":[0],"10":[0],"11":[0],"12":[0,0]}}
,"/Users/isabelwang/Desktop/LetsEat/LetsEat/app/(tabs)/social/components/PublicProfile.tsx": {"path":"/Users/isabelwang/Desktop/LetsEat/LetsEat/app/(tabs)/social/components/PublicProfile.tsx","statementMap":{"0":{"start":{"line":1,"column":0},"end":{"line":1,"column":51}},"1":{"start":{"line":2,"column":0},"end":{"line":2,"column":null}},"2":{"start":{"line":12,"column":0},"end":{"line":12,"column":57}},"3":{"start":{"line":13,"column":0},"end":{"line":13,"column":62}},"4":{"start":{"line":14,"column":0},"end":{"line":14,"column":49}},"5":{"start":{"line":15,"column":0},"end":{"line":15,"column":47}},"6":{"start":{"line":16,"column":0},"end":{"line":16,"column":63}},"7":{"start":{"line":18,"column":22},"end":{"line":109,"column":1}},"8":{"start":{"line":19,"column":18},"end":{"line":19,"column":40}},"9":{"start":{"line":20,"column":32},"end":{"line":20,"column":46}},"10":{"start":{"line":21,"column":34},"end":{"line":21,"column":46}},"11":{"start":{"line":22,"column":24},"end":{"line":22,"column":36}},"12":{"start":{"line":23,"column":32},"end":{"line":23,"column":44}},"13":{"start":{"line":24,"column":54},"end":{"line":24,"column":66}},"14":{"start":{"line":25,"column":50},"end":{"line":25,"column":62}},"15":{"start":{"line":26,"column":46},"end":{"line":26,"column":60}},"16":{"start":{"line":27,"column":42},"end":{"line":27,"column":56}},"17":{"start":{"line":29,"column":17},"end":{"line":29,"column":28}},"18":{"start":{"line":31,"column":2},"end":{"line":53,"column":12}},"19":{"start":{"line":32,"column":4},"end":{"line":52,"column":5}},"20":{"start":{"line":33,"column":22},"end":{"line":33,"column":54}},"21":{"start":{"line":34,"column":6},"end":{"line":49,"column":9}},"22":{"start":{"line":35,"column":21},"end":{"line":35,"column":35}},"23":{"start":{"line":36,"column":8},"end":{"line":36,"column":48}},"24":{"start":{"line":37,"column":8},"end":{"line":47,"column":9}},"25":{"start":{"line":38,"column":10},"end":{"line":38,"column":56}},"26":{"start":{"line":38,"column":29},"end":{"line":38,"column":56}},"27":{"start":{"line":39,"column":10},"end":{"line":39,"column":41}},"28":{"start":{"line":39,"column":24},"end":{"line":39,"column":41}},"29":{"start":{"line":40,"column":10},"end":{"line":40,"column":53}},"30":{"start":{"line":40,"column":28},"end":{"line":40,"column":53}},"31":{"start":{"line":41,"column":10},"end":{"line":41,"column":86}},"32":{"start":{"line":41,"column":39},"end":{"line":41,"column":86}},"33":{"start":{"line":42,"column":10},"end":{"line":42,"column":80}},"34":{"start":{"line":42,"column":37},"end":{"line":42,"column":80}},"35":{"start":{"line":43,"column":10},"end":{"line":46,"column":11}},"36":{"start":{"line":44,"column":12},"end":{"line":44,"column":51}},"37":{"start":{"line":45,"column":12},"end":{"line":45,"column":69}},"38":{"start":{"line":48,"column":8},"end":{"line":48,"column":26}},"39":{"start":{"line":51,"column":6},"end":{"line":51,"column":24}},"40":{"start":{"line":55,"column":2},"end":{"line":57,"column":3}},"41":{"start":{"line":56,"column":4},"end":{"line":56,"column":28}},"42":{"start":{"line":59,"column":2},"end":{"line":108,"column":4}},"43":{"start":{"line":61,"column":65},"end":{"line":61,"column":78}},"44":{"start":{"line":78,"column":26},"end":{"line":78,"column":48}},"45":{"start":{"line":79,"column":27},"end":{"line":79,"column":49}},"46":{"start":{"line":111,"column":0},"end":{"line":111,"column":29}},"47":{"start":{"line":113,"column":15},"end":{"line":173,"column":2}}},"fnMap":{"0":{"name":"(anonymous_7)","decl":{"start":{"line":18,"column":22},"end":{"line":18,"column":25}},"loc":{"start":{"line":18,"column":27},"end":{"line":109,"column":1}}},"1":{"name":"(anonymous_8)","decl":{"start":{"line":31,"column":12},"end":{"line":31,"column":15}},"loc":{"start":{"line":31,"column":17},"end":{"line":53,"column":3}}},"2":{"name":"(anonymous_9)","decl":{"start":{"line":34,"column":23},"end":{"line":34,"column":24}},"loc":{"start":{"line":34,"column":36},"end":{"line":49,"column":7}}},"3":{"name":"(anonymous_10)","decl":{"start":{"line":61,"column":59},"end":{"line":61,"column":62}},"loc":{"start":{"line":61,"column":65},"end":{"line":61,"column":78}}},"4":{"name":"(anonymous_11)","decl":{"start":{"line":78,"column":20},"end":{"line":78,"column":23}},"loc":{"start":{"line":78,"column":26},"end":{"line":78,"column":48}}},"5":{"name":"(anonymous_12)","decl":{"start":{"line":79,"column":21},"end":{"line":79,"column":24}},"loc":{"start":{"line":79,"column":27},"end":{"line":79,"column":49}}}},"branchMap":{"0":{"loc":{"start":{"line":32,"column":4},"end":{"line":52,"column":5}},"type":"if","locations":[{"start":{"line":32,"column":4},"end":{"line":52,"column":5}},{"start":{"line":50,"column":11},"end":{"line":52,"column":5}}]},"1":{"loc":{"start":{"line":37,"column":8},"end":{"line":47,"column":9}},"type":"if","locations":[{"start":{"line":37,"column":8},"end":{"line":47,"column":9}}]},"2":{"loc":{"start":{"line":38,"column":10},"end":{"line":38,"column":56}},"type":"if","locations":[{"start":{"line":38,"column":10},"end":{"line":38,"column":56}}]},"3":{"loc":{"start":{"line":39,"column":10},"end":{"line":39,"column":41}},"type":"if","locations":[{"start":{"line":39,"column":10},"end":{"line":39,"column":41}}]},"4":{"loc":{"start":{"line":40,"column":10},"end":{"line":40,"column":53}},"type":"if","locations":[{"start":{"line":40,"column":10},"end":{"line":40,"column":53}}]},"5":{"loc":{"start":{"line":41,"column":10},"end":{"line":41,"column":86}},"type":"if","locations":[{"start":{"line":41,"column":10},"end":{"line":41,"column":86}}]},"6":{"loc":{"start":{"line":42,"column":10},"end":{"line":42,"column":80}},"type":"if","locations":[{"start":{"line":42,"column":10},"end":{"line":42,"column":80}}]},"7":{"loc":{"start":{"line":43,"column":10},"end":{"line":46,"column":11}},"type":"if","locations":[{"start":{"line":43,"column":10},"end":{"line":46,"column":11}}]},"8":{"loc":{"start":{"line":55,"column":2},"end":{"line":57,"column":3}},"type":"if","locations":[{"start":{"line":55,"column":2},"end":{"line":57,"column":3}}]},"9":{"loc":{"start":{"line":74,"column":11},"end":{"line":74,"column":77}},"type":"binary-expr","locations":[{"start":{"line":74,"column":11},"end":{"line":74,"column":23}},{"start":{"line":74,"column":27},"end":{"line":74,"column":77}}]},"10":{"loc":{"start":{"line":77,"column":20},"end":{"line":77,"column":77}},"type":"cond-expr","locations":[{"start":{"line":77,"column":37},"end":{"line":77,"column":60}},{"start":{"line":77,"column":63},"end":{"line":77,"column":77}}]}},"s":{"0":0,"1":0,"2":0,"3":0,"4":0,"5":0,"6":0,"7":0,"8":0,"9":0,"10":0,"11":0,"12":0,"13":0,"14":0,"15":0,"16":0,"17":0,"18":0,"19":0,"20":0,"21":0,"22":0,"23":0,"24":0,"25":0,"26":0,"27":0,"28":0,"29":0,"30":0,"31":0,"32":0,"33":0,"34":0,"35":0,"36":0,"37":0,"38":0,"39":0,"40":0,"41":0,"42":0,"43":0,"44":0,"45":0,"46":0,"47":0},"f":{"0":0,"1":0,"2":0,"3":0,"4":0,"5":0},"b":{"0":[0,0],"1":[0],"2":[0],"3":[0],"4":[0],"5":[0],"6":[0],"7":[0],"8":[0],"9":[0,0],"10":[0,0]}}
}
